Log file open, 10/03/18 21:16:12
LogWindows: Failed to load 'aqProf.dll' (GetLastError=126)
LogWindows: File 'aqProf.dll' does not exist
LogWindows: Failed to load 'VSPerf140.dll' (GetLastError=126)
LogWindows: File 'VSPerf140.dll' does not exist
LogWindows: Failed to load 'VtuneApi.dll' (GetLastError=126)
LogWindows: File 'VtuneApi.dll' does not exist
LogWindows: Failed to load 'VtuneApi32e.dll' (GetLastError=126)
LogWindows: File 'VtuneApi32e.dll' does not exist
LogInit: Display: Running engine for game: TPE
LogPlatformFile: Not using cached read wrapper
LogTaskGraph: Started task graph with 5 named threads and 14 total threads with 3 sets of task threads.
LogStats: Stats thread started at 0.751360
LogD3D11RHI: Loaded GFSDK_Aftermath_Lib.x64.dll
LogICUInternationalization: Display: ICU TimeZone Detection - Raw Offset: +9:00, Platform Override: ''
LogPluginManager: Mounting plugin Paper2D
LogPluginManager: Mounting plugin AISupport
LogPluginManager: Mounting plugin LightPropagationVolume
LogPluginManager: Mounting plugin CLionSourceCodeAccess
LogPluginManager: Mounting plugin CodeLiteSourceCodeAccess
LogPluginManager: Mounting plugin GitSourceControl
LogPluginManager: Mounting plugin KDevelopSourceCodeAccess
LogPluginManager: Mounting plugin NullSourceCodeAccess
LogPluginManager: Mounting plugin PerforceSourceControl
LogPluginManager: Mounting plugin SubversionSourceControl
LogPluginManager: Mounting plugin UObjectPlugin
LogPluginManager: Mounting plugin VisualStudioCodeSourceCodeAccess
LogPluginManager: Mounting plugin VisualStudioSourceCodeAccess
LogPluginManager: Mounting plugin XCodeSourceCodeAccess
LogPluginManager: Mounting plugin AssetManagerEditor
LogPluginManager: Mounting plugin CryptoKeys
LogPluginManager: Mounting plugin DataValidation
LogPluginManager: Mounting plugin EditorScriptingUtilities
LogPluginManager: Mounting plugin FacialAnimation
LogPluginManager: Mounting plugin GameplayTagsEditor
LogPluginManager: Mounting plugin MacGraphicsSwitching
LogPluginManager: Mounting plugin MeshEditor
LogPluginManager: Mounting plugin MobileLauncherProfileWizard
LogPluginManager: Mounting plugin PluginBrowser
LogPluginManager: Mounting plugin SpeedTreeImporter
LogPluginManager: Mounting plugin DatasmithContent
LogPluginManager: Mounting plugin AlembicImporter
LogPluginManager: Mounting plugin AppleImageUtils
LogPluginManager: Mounting plugin AppleVision
LogPluginManager: Mounting plugin BackChannel
LogPluginManager: Mounting plugin CharacterAI
LogPluginManager: Mounting plugin GeometryCache
LogPluginManager: Mounting plugin HTML5Networking
LogPluginManager: Mounting plugin ProxyLODPlugin
LogPluginManager: Mounting plugin MagicLeap
LogPluginManager: Mounting plugin MagicLeapEmulator
LogPluginManager: Mounting plugin MagicLeapMedia
LogPluginManager: Mounting plugin AndroidMedia
LogPluginManager: Mounting plugin AvfMedia
LogPluginManager: Mounting plugin ImgMedia
LogPluginManager: Mounting plugin LinearTimecode
LogPluginManager: Mounting plugin MediaCompositing
LogPluginManager: Mounting plugin MediaPlayerEditor
LogPluginManager: Mounting plugin WmfMedia
LogPluginManager: Mounting plugin TcpMessaging
LogPluginManager: Mounting plugin UdpMessaging
LogPluginManager: Mounting plugin ActorSequence
LogPluginManager: Mounting plugin LevelSequenceEditor
LogPluginManager: Mounting plugin MatineeToLevelSequence
LogPluginManager: Mounting plugin NetcodeUnitTest
LogPluginManager: Mounting plugin NUTUnrealEngine4
LogPluginManager: Mounting plugin OnlineSubsystemGooglePlay
LogPluginManager: Mounting plugin OnlineSubsystemIOS
LogPluginManager: Mounting plugin OnlineSubsystem
LogPluginManager: Mounting plugin OnlineSubsystemNull
LogPluginManager: Mounting plugin OnlineSubsystemUtils
LogPluginManager: Mounting plugin LauncherChunkInstaller
LogPluginManager: Mounting plugin AndroidDeviceProfileSelector
LogPluginManager: Mounting plugin AndroidMoviePlayer
LogPluginManager: Mounting plugin AndroidPermission
LogPluginManager: Mounting plugin AppleMoviePlayer
LogPluginManager: Mounting plugin ArchVisCharacter
LogPluginManager: Mounting plugin AudioCapture
LogPluginManager: Mounting plugin CableComponent
LogPluginManager: Mounting plugin CustomMeshComponent
LogPluginManager: Mounting plugin EditableMesh
LogPluginManager: Mounting plugin ExampleDeviceProfileSelector
LogPluginManager: Mounting plugin GoogleCloudMessaging
LogPluginManager: Mounting plugin ImmediatePhysics
LogPluginManager: Mounting plugin IOSDeviceProfileSelector
LogPluginManager: Mounting plugin LinuxDeviceProfileSelector
LogPluginManager: Mounting plugin LocationServicesBPLibrary
LogPluginManager: Mounting plugin MobilePatchingUtils
LogPluginManager: Mounting plugin OculusVR
LogPluginManager: Plugin shader directory ../../../Engine/Plugins/Runtime/Oculus/OculusVR/Shaders found
LogPluginManager: Mapping shader source directory ../../../Engine/Plugins/Runtime/Oculus/OculusVR/Shaders to virtual directory /Plugin/OculusVR
LogPluginManager: Mounting plugin PhysXVehicles
LogPluginManager: Mounting plugin ProceduralMeshComponent
LogPluginManager: Mounting plugin RuntimePhysXCooking
LogPluginManager: Mounting plugin SteamVR
LogPluginManager: Mounting plugin WindowsMoviePlayer
LogPluginManager: Mounting plugin DatasmithCADImporter
LogPluginManager: Mounting plugin DatasmithFBXImporter
LogPluginManager: Mounting plugin DatasmithImporter
LogPluginManager: Mounting plugin DatasmithMDLImporter
LogPluginManager: Mounting plugin StaticMeshEditorExtension
LogStreaming: Display: Took  0.188s to configure plugins.
LogInit: Using libcurl 7.55.1-DEV
LogInit:  - built for x86_64-pc-win32
LogInit:  - supports SSL with OpenSSL/1.0.2h
LogInit:  - supports HTTP deflate (compression) using libz 1.2.8
LogInit:  - other features:
LogInit:      CURL_VERSION_SSL
LogInit:      CURL_VERSION_LIBZ
LogInit:      CURL_VERSION_IPV6
LogInit:      CURL_VERSION_ASYNCHDNS
LogInit:      CURL_VERSION_LARGEFILE
LogInit:      CURL_VERSION_IDN
LogInit:  CurlRequestOptions (configurable via config and command line):
LogInit:  - bVerifyPeer = false  - Libcurl will NOT verify peer certificate
LogInit:  - bUseHttpProxy = false  - Libcurl will NOT use HTTP proxy
LogInit:  - bDontReuseConnections = false  - Libcurl will reuse connections
LogInit:  - CertBundlePath = nullptr  - Libcurl will use whatever was configured at build time.
LogInit:  - MaxHostConnections = 16  - Libcurl will limit the number of connections to a host
LogInit:  - LocalHostAddr = Default
LogInit:  - BufferSize = 65536
LogInit: WinSock: version 1.1 (2.2), MaxSocks=32767, MaxUdp=65467
LogInit: Build: ++UE4+Release-4.20-CL-4369336
LogInit: Engine Version: 4.20.3-4369336+++UE4+Release-4.20
LogInit: Compatible Engine Version: 4.20.0-4212847+++UE4+Release-4.20
LogInit: Net CL: 4212847
LogInit: OS: Windows 10 (), CPU: Intel(R) Core(TM) i5-4690 CPU @ 3.50GHz, GPU: NVIDIA GeForce GTX 960
LogInit: Compiled (64-bit): Sep 17 2018 12:26:19
LogInit: Compiled with Visual C++: 19.13.26129.00
LogInit: Build Configuration: Development
LogInit: Branch Name: ++UE4+Release-4.20
LogInit: Command Line:  
LogInit: Base Directory: C:/Program Files/Epic Games/UE_4.20/Engine/Binaries/Win64/
LogInit: Installed Engine Build: 1
LogDevObjectVersion: Number of dev versions registered: 20
LogDevObjectVersion:   Dev-Blueprints (B0D832E4-1F89-4F0D-ACCF-7EB736FD4AA2): 10
LogDevObjectVersion:   Dev-Build (E1C64328-A22C-4D53-A36C-8E866417BD8C): 0
LogDevObjectVersion:   Dev-Core (375EC13C-06E4-48FB-B500-84F0262A717E): 2
LogDevObjectVersion:   Dev-Editor (E4B068ED-F494-42E9-A231-DA0B2E46BB41): 24
LogDevObjectVersion:   Dev-Framework (CFFC743F-43B0-4480-9391-14DF171D2073): 34
LogDevObjectVersion:   Dev-Mobile (B02B49B5-BB20-44E9-A304-32B752E40360): 2
LogDevObjectVersion:   Dev-Networking (A4E4105C-59A1-49B5-A7C5-40C4547EDFEE): 0
LogDevObjectVersion:   Dev-Online (39C831C9-5AE6-47DC-9A44-9C173E1C8E7C): 0
LogDevObjectVersion:   Dev-Physics (78F01B33-EBEA-4F98-B9B4-84EACCB95AA2): 0
LogDevObjectVersion:   Dev-Platform (6631380F-2D4D-43E0-8009-CF276956A95A): 0
LogDevObjectVersion:   Dev-Rendering (12F88B9F-8875-4AFC-A67C-D90C383ABD29): 26
LogDevObjectVersion:   Dev-Sequencer (7B5AE74C-D270-4C10-A958-57980B212A5A): 9
LogDevObjectVersion:   Dev-VR (D7296918-1DD6-4BDD-9DE2-64A83CC13884): 2
LogDevObjectVersion:   Dev-LoadTimes (C2A15278-BFE7-4AFE-6C17-90FF531DF755): 1
LogDevObjectVersion:   Private-Geometry (6EACA3D4-40EC-4CC1-B786-8BED09428FC5): 3
LogDevObjectVersion:   Dev-AnimPhys (29E575DD-E0A3-4627-9D10-D276232CDCEA): 17
LogDevObjectVersion:   Dev-ReflectionCapture (6B266CEC-1EC7-4B8F-A30B-E4D90942FC07): 1
LogDevObjectVersion:   Dev-Automation (0DF73D61-A23F-47EA-B727-89E90C41499A): 1
LogDevObjectVersion:   FortniteMain (601D1886-AC64-4F84-AA16-D3DE0DEAC7D6): 12
LogDevObjectVersion:   Dev-Enterprise (9DFFBCD6-494F-0158-E221-12823C92A888): 1
LogStreaming: Display: Took  0.000s to delete old logs.
LogInit: Presizing for max 8388607 objects, including 0 objects not considered by GC, pre-allocating 0 bytes for permanent pool.
LogInit: Object subsystem initialized
[2018.10.03-12.16.13:594][  0]LogInit: Selected Device Profile: [Windows]
[2018.10.03-12.16.13:595][  0]LogInit: Applying CVar settings loaded from the selected device profile: [Windows]
[2018.10.03-12.16.13:622][  0]LogHAL: Display: Platform has ~ 16 GB [17115250688 / 17179869184 / 16], which maps to Larger [LargestMinGB=32, LargerMinGB=12, DefaultMinGB=8, SmallerMinGB=6, SmallestMinGB=0)
[2018.10.03-12.16.13:622][  0]LogInit: Setting Device Profile CVar: [[r.Vulkan.UseRealUBs:1]]
[2018.10.03-12.16.13:623][  0]LogInit: Going up to parent DeviceProfile []
[2018.10.03-12.16.13:628][  0]LogInit: Computer: DESKTOP-ERVROJM
[2018.10.03-12.16.13:628][  0]LogInit: User: harbe
[2018.10.03-12.16.13:628][  0]LogInit: CPU Page size=4096, Cores=4
[2018.10.03-12.16.13:628][  0]LogInit: High frequency timer resolution =3.416982 MHz
[2018.10.03-12.16.13:628][  0]LogMemory: Memory total: Physical=15.9GB (16GB approx)
[2018.10.03-12.16.13:628][  0]LogMemory: Platform Memory Stats for Windows
[2018.10.03-12.16.13:628][  0]LogMemory: Process Physical Memory: 100.28 MB used, 100.28 MB peak
[2018.10.03-12.16.13:628][  0]LogMemory: Process Virtual Memory: 82.59 MB used, 82.59 MB peak
[2018.10.03-12.16.13:628][  0]LogMemory: Physical Memory: 4120.80 MB used,  12201.58 MB free, 16322.38 MB total
[2018.10.03-12.16.13:628][  0]LogMemory: Virtual Memory: 4623.54 MB used,  12201.58 MB free, 134217728.00 MB total
[2018.10.03-12.16.13:878][  0]LogInit: Using OS detected language (ko-KR).
[2018.10.03-12.16.13:878][  0]LogInit: Using OS detected locale (ko-KR).
[2018.10.03-12.16.13:880][  0]LogTextLocalizationManager: No specific localization for 'ko-KR' exists, so the 'ko' localization will be used.
[2018.10.03-12.16.14:341][  0]LogStreaming: Display: Took  0.463s to InitEngineTextLocalization.
[2018.10.03-12.16.14:344][  0]LogInit: Setting process to per monitor DPI aware
[2018.10.03-12.16.14:453][  0]LogSlate: New Slate User Created.  User Index 0, Is Virtual User: 0
[2018.10.03-12.16.14:453][  0]LogSlate: Slate User Registered.  User Index 0, Is Virtual User: 0
[2018.10.03-12.16.17:142][  0]LogHMD: Failed to initialize OpenVR with code 110
[2018.10.03-12.16.17:142][  0]LogD3D11RHI: D3D11 adapters:
[2018.10.03-12.16.17:209][  0]LogD3D11RHI:    0. 'NVIDIA GeForce GTX 960' (Feature Level 11_0)
[2018.10.03-12.16.17:209][  0]LogD3D11RHI:       2007/0/8161 MB DedicatedVideo/DedicatedSystem/SharedSystem, Outputs:2, VendorId:0x10de
[2018.10.03-12.16.17:211][  0]LogD3D11RHI:    1. 'Microsoft Basic Render Driver' (Feature Level 11_0)
[2018.10.03-12.16.17:211][  0]LogD3D11RHI:       0/0/8161 MB DedicatedVideo/DedicatedSystem/SharedSystem, Outputs:0, VendorId:0x1414
[2018.10.03-12.16.17:211][  0]LogD3D11RHI: Chosen D3D11 Adapter: 0
[2018.10.03-12.16.17:217][  0]LogD3D11RHI: Creating new Direct3DDevice
[2018.10.03-12.16.17:217][  0]LogD3D11RHI:     GPU DeviceId: 0x1401 (for the marketing name, search the web for "GPU Device Id")
[2018.10.03-12.16.17:217][  0]LogWindows: EnumDisplayDevices:
[2018.10.03-12.16.17:218][  0]LogWindows:    0. 'NVIDIA GeForce GTX 960' (P:1 D:1)
[2018.10.03-12.16.17:218][  0]LogWindows:    1. 'NVIDIA GeForce GTX 960' (P:0 D:1)
[2018.10.03-12.16.17:218][  0]LogWindows:    2. 'NVIDIA GeForce GTX 960' (P:0 D:0)
[2018.10.03-12.16.17:219][  0]LogWindows:    3. 'NVIDIA GeForce GTX 960' (P:0 D:0)
[2018.10.03-12.16.17:219][  0]LogWindows: DebugString: FoundDriverCount:4 
[2018.10.03-12.16.17:219][  0]LogD3D11RHI:     Adapter Name: NVIDIA GeForce GTX 960
[2018.10.03-12.16.17:219][  0]LogD3D11RHI:   Driver Version: 399.07 (internal:24.21.13.9907, unified:399.07)
[2018.10.03-12.16.17:219][  0]LogD3D11RHI:      Driver Date: 8-21-2018
[2018.10.03-12.16.17:219][  0]LogRHI: Texture pool is 1405 MB (70% of 2007 MB)
[2018.10.03-12.16.17:258][  0]LogD3D11RHI: Async texture creation enabled
[2018.10.03-12.16.17:318][  0]LogD3D11RHI: GPU Timing Frequency: 1000.000000 (Debug: 2 2)
[2018.10.03-12.16.17:413][  0]LogShaderCompilers: Guid format shader working directory is 5 characters bigger than the processId version (../../../../../../Users/harbe/Desktop/TPE/Intermediate/Shaders/WorkingDirectory/3544/).
[2018.10.03-12.16.17:414][  0]LogShaderCompilers: Cleaned the shader compiler working directory 'C:/Users/harbe/AppData/Local/Temp/UnrealShaderWorkingDir/B7A8C75646A0ECB807AB7B8C246E80BA/'.
[2018.10.03-12.16.17:929][  0]LogTemp: Display: Loaded TP AllDesktopTargetPlatform
[2018.10.03-12.16.17:953][  0]LogTemp: Display: Loaded TP MacClientTargetPlatform
[2018.10.03-12.16.17:979][  0]LogTemp: Display: Loaded TP MacNoEditorTargetPlatform
[2018.10.03-12.16.18:004][  0]LogTemp: Display: Loaded TP MacServerTargetPlatform
[2018.10.03-12.16.18:033][  0]LogTemp: Display: Loaded TP MacTargetPlatform
[2018.10.03-12.16.18:060][  0]LogTemp: Display: Loaded TP WindowsClientTargetPlatform
[2018.10.03-12.16.18:085][  0]LogTemp: Display: Loaded TP WindowsNoEditorTargetPlatform
[2018.10.03-12.16.18:110][  0]LogTemp: Display: Loaded TP WindowsServerTargetPlatform
[2018.10.03-12.16.18:130][  0]LogTemp: Display: Loaded TP WindowsTargetPlatform
[2018.10.03-12.16.18:233][  0]LogTemp: Display: Loaded TP AndroidTargetPlatform
[2018.10.03-12.16.18:233][  0]LogTemp: Display: Loaded TP AndroidTargetPlatform
[2018.10.03-12.16.18:233][  0]LogTemp: Display: Loaded TP AndroidTargetPlatform
[2018.10.03-12.16.18:233][  0]LogTemp: Display: Loaded TP AndroidTargetPlatform
[2018.10.03-12.16.18:233][  0]LogTemp: Display: Loaded TP AndroidTargetPlatform
[2018.10.03-12.16.18:233][  0]LogTemp: Display: Loaded TP AndroidTargetPlatform
[2018.10.03-12.16.18:233][  0]LogTemp: Display: Loaded TP AndroidTargetPlatform
[2018.10.03-12.16.18:233][  0]LogTemp: Display: Loaded TP AndroidTargetPlatform
[2018.10.03-12.16.18:233][  0]LogTemp: Display: Loaded TP AndroidTargetPlatform
[2018.10.03-12.16.18:233][  0]LogTemp: Display: Loaded TP AndroidTargetPlatform
[2018.10.03-12.16.18:233][  0]LogTemp: Display: Loaded TP AndroidTargetPlatform
[2018.10.03-12.16.18:233][  0]LogTemp: Display: Loaded TP AndroidTargetPlatform
[2018.10.03-12.16.18:233][  0]LogTemp: Display: Loaded TP AndroidTargetPlatform
[2018.10.03-12.16.18:233][  0]LogTemp: Display: Loaded TP AndroidTargetPlatform
[2018.10.03-12.16.18:233][  0]LogTemp: Display: Loaded TP AndroidTargetPlatform
[2018.10.03-12.16.18:233][  0]LogTemp: Display: Loaded TP AndroidTargetPlatform
[2018.10.03-12.16.18:233][  0]LogTemp: Display: Loaded TP AndroidTargetPlatform
[2018.10.03-12.16.18:233][  0]LogTemp: Display: Loaded TP AndroidTargetPlatform
[2018.10.03-12.16.18:248][  0]LogTemp: Display: Loaded TP HTML5TargetPlatform
[2018.10.03-12.16.18:361][  0]LogTemp: Display: Loaded TP IOSTargetPlatform
[2018.10.03-12.16.18:361][  0]LogTemp: Display: Loaded TP IOSTargetPlatform
[2018.10.03-12.16.18:400][  0]LogTemp: Display: Loaded TP TVOSTargetPlatform
[2018.10.03-12.16.18:400][  0]LogTemp: Display: Loaded TP TVOSTargetPlatform
[2018.10.03-12.16.18:430][  0]LogTemp: Display: Loaded TP LinuxClientTargetPlatform
[2018.10.03-12.16.18:455][  0]LogTemp: Display: Loaded TP LinuxNoEditorTargetPlatform
[2018.10.03-12.16.18:480][  0]LogTemp: Display: Loaded TP LinuxServerTargetPlatform
[2018.10.03-12.16.18:514][  0]LogTemp: Display: Loaded TP LinuxTargetPlatform
[2018.10.03-12.16.18:536][  0]LogTemp: Display: Loaded TP LuminTargetPlatform
[2018.10.03-12.16.18:536][  0]LogTargetPlatformManager: Display: Building Assets For Windows
[2018.10.03-12.16.18:908][  0]LogXGEController: Cleaning working directory: C:/Users/harbe/AppData/Local/Temp/UnrealXGEWorkingDir/
[2018.10.03-12.16.18:908][  0]LogXGEController: Cannot use XGE Controller as Incredibuild is not installed on this machine.
[2018.10.03-12.16.18:908][  0]LogShaderCompilers: Cannot use XGE Shader Compiler as Incredibuild is not installed on this machine.
[2018.10.03-12.16.18:908][  0]LogShaderCompilers: Display: Using Local Shader Compiler.
[2018.10.03-12.16.21:057][  0]LogDerivedDataCache: Display: Max Cache Size: 512 MB
[2018.10.03-12.16.21:348][  0]LogDerivedDataCache: Loaded boot cache 0.29s 72MB C:/Users/harbe/AppData/Local/UnrealEngine/4.20/DerivedDataCache/Boot.ddc.
[2018.10.03-12.16.21:348][  0]LogDerivedDataCache: Display: Loaded Boot cache: C:/Users/harbe/AppData/Local/UnrealEngine/4.20/DerivedDataCache/Boot.ddc
[2018.10.03-12.16.21:348][  0]LogDerivedDataCache: FDerivedDataBackendGraph:  Pak pak cache file ../../../../../../Users/harbe/Desktop/TPE/DerivedDataCache/DDC.ddp not found, will not use a pak cache.
[2018.10.03-12.16.21:348][  0]LogDerivedDataCache: Unable to find inner node Pak for hierarchical cache Hierarchy.
[2018.10.03-12.16.21:348][  0]LogDerivedDataCache: FDerivedDataBackendGraph:  CompressedPak pak cache file ../../../../../../Users/harbe/Desktop/TPE/DerivedDataCache/Compressed.ddp not found, will not use a pak cache.
[2018.10.03-12.16.21:348][  0]LogDerivedDataCache: Unable to find inner node CompressedPak for hierarchical cache Hierarchy.
[2018.10.03-12.16.21:373][  0]LogDerivedDataCache: Display: Pak cache opened for reading ../../../Engine/DerivedDataCache/Compressed.ddp.
[2018.10.03-12.16.21:387][  0]LogDerivedDataCache: Using Local data cache path C:/Users/harbe/AppData/Local/UnrealEngine/Common/DerivedDataCache: Writable
[2018.10.03-12.16.21:387][  0]LogDerivedDataCache: Shared data cache path not found in *engine.ini, will not use an Shared cache.
[2018.10.03-12.16.21:387][  0]LogDerivedDataCache: Unable to find inner node Shared for hierarchical cache Hierarchy.
[2018.10.03-12.16.21:408][  0]LogMaterial: Verifying Global Shaders for PCD3D_SM5
[2018.10.03-12.16.21:414][  0]LogSlate: Using FreeType 2.6.0
[2018.10.03-12.16.21:428][  0]LogSlate: SlateFontServices - WITH_FREETYPE: 1, WITH_HARFBUZZ: 1
[2018.10.03-12.16.21:727][  0]LogAssetRegistry: FAssetRegistry took 0.0301 seconds to start up
[2018.10.03-12.16.22:136][  0]LogInit: Selected Device Profile: [Windows]
[2018.10.03-12.16.22:546][  0]LogSimplygon: Simplygon DLL not present - disabling.
[2018.10.03-12.16.22:596][  0]LogMeshReduction: Using SimplygonSwarm for distributed automatic mesh merging
[2018.10.03-12.16.22:597][  0]LogMeshReduction: Using ProxyLODMeshReduction for automatic mesh merging
[2018.10.03-12.16.22:597][  0]LogMeshReduction: Using QuadricMeshReduction for automatic static mesh reduction
[2018.10.03-12.16.22:597][  0]LogMeshReduction: No automatic skeletal mesh reduction module available
[2018.10.03-12.16.22:659][  0]LogNetVersion: TPE 1.0.0, NetCL: 4212847, EngineNetVer: 5, GameNetVer: 0 (Checksum: 3553090781)
[2018.10.03-12.16.24:052][  0]LogPackageLocalizationCache: Processed 13 localized package path(s) for 2 prioritized culture(s) in 0.169424 seconds
[2018.10.03-12.16.24:059][  0]LogUObjectArray: 38425 objects as part of root set at end of initial load.
[2018.10.03-12.16.24:059][  0]LogUObjectAllocator: 6690872 out of 0 bytes used by permanent object pool.
[2018.10.03-12.16.24:060][  0]LogUObjectArray: CloseDisregardForGC: 0/0 objects in disregard for GC pool
[2018.10.03-12.16.28:295][  0]LogTcpMessaging: Initializing TcpMessaging bridge
[2018.10.03-12.16.28:324][  0]LogUdpMessaging: Initializing bridge on interface 0.0.0.0:0 to multicast group 230.0.0.1:6666.
[2018.10.03-12.16.28:880][  0]SourceControl: 소스 컨트롤이 꺼졌습니다.
[2018.10.03-12.16.28:881][  0]SourceControl: 소스 컨트롤이 꺼졌습니다.
[2018.10.03-12.16.28:907][  0]SourceControl: 소스 컨트롤이 꺼졌습니다.
[2018.10.03-12.16.28:924][  0]SourceControl: 소스 컨트롤이 꺼졌습니다.
[2018.10.03-12.16.29:758][  0]LogAndroidPermission: UAndroidPermissionCallbackProxy::GetInstance
[2018.10.03-12.16.29:898][  0]LogOcInput: OculusInput pre-init called
[2018.10.03-12.16.33:116][  0]LogEngine: Initializing Engine...
[2018.10.03-12.16.33:119][  0]LogHMD: Failed to initialize OpenVR with code 110
[2018.10.03-12.16.33:122][  0]LogStats: UGameplayTagsManager::ConstructGameplayTagTree: ImportINI prefixes -  0.001 s
[2018.10.03-12.16.33:122][  0]LogStats: UGameplayTagsManager::ConstructGameplayTagTree: Construct from data asset -  0.000 s
[2018.10.03-12.16.33:122][  0]LogStats: UGameplayTagsManager::ConstructGameplayTagTree: ImportINI -  0.000 s
[2018.10.03-12.16.33:122][  0]LogStats: UGameplayTagsManager::ConstructGameplayTagTree: GameplayTagTreeChangedEvent.Broadcast -  0.000 s
[2018.10.03-12.16.33:519][  0]LogInit: Initializing FReadOnlyCVARCache
[2018.10.03-12.16.33:569][  0]LogAIModule: Creating AISystem for world Untitled
[2018.10.03-12.16.33:592][  0]LogInit: XAudio2 using 'N2413 ADS LED(NVIDIA High Definition Audio)' : 2 channels at 48 kHz using 16 bits per sample (channel mask 0x3)
[2018.10.03-12.16.33:612][  0]LogInit: FAudioDevice initialized.
[2018.10.03-12.16.33:612][  0]LogNetVersion: Set ProjectVersion to 1.0.0.0. Version Checksum will be recalculated on next use.
[2018.10.03-12.16.33:686][  0]LogDerivedDataCache: Saved boot cache 0.07s 72MB C:/Users/harbe/AppData/Local/UnrealEngine/4.20/DerivedDataCache/Boot.ddc.
[2018.10.03-12.16.33:697][  0]LogInit: Texture streaming: Enabled
[2018.10.03-12.16.33:778][  0]LogEngineSessionManager: EngineSessionManager initialized
[2018.10.03-12.16.33:812][  0]LogInit: Transaction tracking system initialized
[2018.10.03-12.16.33:929][  0]BlueprintLog: New page: 에디터 로드
[2018.10.03-12.16.34:404][  0]LocalizationService: 현지화 서비스가 비활성화되었습니다.
[2018.10.03-12.16.35:308][  0]LogCook: Display: Max memory allowance for cook 16384mb min free memory 0mb
[2018.10.03-12.16.35:309][  0]LogCook: Display: Mobile HDR setting 1
[2018.10.03-12.16.35:309][  0]LogGameplayTags: Display: UGameplayTagsManager::DoneAddingNativeTags. DelegateIsBound: 0
[2018.10.03-12.16.35:309][  0]LogStats: UGameplayTagsManager::ConstructGameplayTagTree: ImportINI prefixes -  0.000 s
[2018.10.03-12.16.35:309][  0]LogStats: UGameplayTagsManager::ConstructGameplayTagTree: Construct from data asset -  0.000 s
[2018.10.03-12.16.35:309][  0]LogStats: UGameplayTagsManager::ConstructGameplayTagTree: ImportINI -  0.000 s
[2018.10.03-12.16.35:309][  0]LogStats: UGameplayTagsManager::ConstructGameplayTagTree: GameplayTagTreeChangedEvent.Broadcast -  0.000 s
[2018.10.03-12.16.35:476][  0]LogFileCache: Scanning file cache for directory 'C:/Users/harbe/Desktop/TPE/Content/' took 0.02s
[2018.10.03-12.16.37:449][  0]SourceControl: 소스 컨트롤이 꺼졌습니다.
[2018.10.03-12.16.37:450][  0]Cmd: MAP LOAD FILE="../../../../../../Users/harbe/Desktop/TPE/Content/ThirdPersonBP/Maps/ThirdPersonExampleMap.umap" TEMPLATE=0 SHOWPROGRESS=1 FEATURELEVEL=3
[2018.10.03-12.16.37:452][  0]LightingResults: New page: 라이팅 빌드
[2018.10.03-12.16.37:460][  0]MapCheck: New page: 맵 체크
[2018.10.03-12.16.37:460][  0]LightingResults: New page: 라이팅 빌드
[2018.10.03-12.16.38:366][  0]LogAIModule: Creating AISystem for world ThirdPersonExampleMap
[2018.10.03-12.16.38:401][  0]LogEditorServer: Finished looking for orphan Actors (0.000 secs)
[2018.10.03-12.16.38:430][  0]Cmd: MAP CHECKDEP NOCLEARLOG
[2018.10.03-12.16.38:545][  0]MapCheck: 맵 체크 완료: 오류 0 회, 경고 0 회, 소요 시간 114.782ms.
[2018.10.03-12.16.38:545][  0]LogFileHelpers: Loading map 'ThirdPersonExampleMap' took 1.096
[2018.10.03-12.16.38:751][  0]LogSlate: Updating window title bar state: overlay mode, drag disabled, window buttons hidden, title bar hidden
[2018.10.03-12.16.38:759][  0]LogSlate: Updating window title bar state: overlay mode, drag disabled, window buttons hidden, title bar hidden
[2018.10.03-12.16.38:767][  0]LogSlate: Updating window title bar state: overlay mode, drag disabled, window buttons hidden, title bar hidden
[2018.10.03-12.16.38:775][  0]LogSlate: Updating window title bar state: overlay mode, drag disabled, window buttons hidden, title bar hidden
[2018.10.03-12.16.38:811][  0]LogCollectionManager: Loaded 0 collections in 0.002118 seconds
[2018.10.03-12.16.38:875][  0]LogFileCache: Scanning file cache for directory 'C:/Users/harbe/Desktop/TPE/Saved/Collections/' took 0.01s
[2018.10.03-12.16.38:875][  0]LogFileCache: Scanning file cache for directory 'C:/Users/harbe/Desktop/TPE/Content/Developers/harbe/Collections/' took 0.01s
[2018.10.03-12.16.38:875][  0]LogFileCache: Scanning file cache for directory 'C:/Users/harbe/Desktop/TPE/Content/Collections/' took 0.01s
[2018.10.03-12.16.38:875][  0]LogCollectionManager: Rebuilt the GUID cache for 0 collections in 0.000000 seconds
[2018.10.03-12.16.38:897][  0]LogContentBrowser: Native class hierarchy populated in 0.0113 seconds. Added 2621 classes and 629 folders.
[2018.10.03-12.16.38:909][  0]LogContentBrowser: Native class hierarchy updated for 'WidgetCarousel' in 0.0003 seconds. Added 0 classes and 0 folders.
[2018.10.03-12.16.39:369][  0]LogContentBrowser: Native class hierarchy updated for 'AddContentDialog' in 0.0002 seconds. Added 0 classes and 0 folders.
[2018.10.03-12.16.39:396][  0]LogContentBrowser: Native class hierarchy updated for 'SceneOutliner' in 0.0003 seconds. Added 1 classes and 2 folders.
[2018.10.03-12.16.39:464][  0]LogSlate: Took 0.008342 seconds to synchronously load lazily loaded font '../../../Engine/Content/Slate/Fonts/Roboto-Regular.ttf' (155K)
[2018.10.03-12.16.39:498][  0]LogSlate: Took 0.033045 seconds to synchronously load lazily loaded font '../../../Engine/Content/Editor/Slate/Fonts/NanumGothic.ttf' (4243K)
[2018.10.03-12.16.39:528][  0]LogSlate: Took 0.029325 seconds to synchronously load lazily loaded font '../../../Engine/Content/Editor/Slate/Fonts/NanumGothicBold.ttf' (4188K)
[2018.10.03-12.16.39:535][  0]LogSlate: Took 0.006378 seconds to synchronously load lazily loaded font '../../../Engine/Content/Slate/Fonts/Roboto-Bold.ttf' (160K)
[2018.10.03-12.16.39:547][  0]LogSlate: Took 0.006487 seconds to synchronously load lazily loaded font '../../../Engine/Content/Editor/Slate/Fonts/FontAwesome.ttf' (139K)
[2018.10.03-12.16.39:755][  0]LogRenderer: Reallocating scene render targets to support 1208x576 Format 10 NumSamples 1 (Frame:1).
[2018.10.03-12.16.39:907][  0]LogContentBrowser: Native class hierarchy updated for 'HierarchicalLODOutliner' in 0.0003 seconds. Added 0 classes and 0 folders.
[2018.10.03-12.16.39:908][  0]LogLoad: (Engine Initialization) Total time: 31.98 seconds
[2018.10.03-12.16.39:908][  0]LogLoad: (Engine Initialization) Total Blueprint compile time: 0.00 seconds
[2018.10.03-12.16.39:948][  0]LogContentStreaming: Texture pool size now 1000 MB
[2018.10.03-12.16.39:978][  0]LogSlate: Took 0.006851 seconds to synchronously load lazily loaded font '../../../Engine/Content/Slate/Fonts/Roboto-Light.ttf' (167K)
[2018.10.03-12.16.40:059][  1]LogAssetRegistry: Asset discovery search completed in 18.3550 seconds
[2018.10.03-12.16.40:062][  1]LogCollectionManager: Rebuilt the object cache for 0 collections in 0.000000 seconds (found 0 objects)
[2018.10.03-12.16.40:062][  1]LogCollectionManager: Fixed up redirectors for 0 collections in 0.000411 seconds (updated 0 objects)
[2018.10.03-12.17.09:028][ 88]LogSlate: FSceneViewport::OnFocusLost() reason 2
[2018.10.03-12.21.54:033][916]LogSlate: Took 0.001842 seconds to synchronously load lazily loaded font '../../../Engine/Content/Slate/Fonts/Roboto-Light.ttf' (167K)
[2018.10.03-12.21.54:049][916]LogMetaData: Removing '/Game/Blueprints/TwinSword_AnimBP.TwinSword_AnimBP_C' ref from Metadata '/Game/TwinSwordAnimsetBase/Animation/Inplace/TwinSword_AnimBP.PackageMetaData'
[2018.10.03-12.21.54:049][916]LogMetaData: Removing '/Game/Blueprints/TwinSword_AnimBP.TwinSword_AnimBP:EventGraph.K2Node_Event_0' ref from Metadata '/Game/TwinSwordAnimsetBase/Animation/Inplace/TwinSword_AnimBP.PackageMetaData'
[2018.10.03-12.21.54:049][916]LogMetaData: Removing '/Game/Blueprints/TwinSword_AnimBP.TwinSword_AnimBP:EventGraph.K2Node_CallFunction_0' ref from Metadata '/Game/TwinSwordAnimsetBase/Animation/Inplace/TwinSword_AnimBP.PackageMetaData'
[2018.10.03-12.21.54:049][916]LogMetaData: Removing '/Game/Blueprints/TwinSword_AnimBP.TwinSword_AnimBP:AnimGraph.AnimGraphNode_Root_0' ref from Metadata '/Game/TwinSwordAnimsetBase/Animation/Inplace/TwinSword_AnimBP.PackageMetaData'
[2018.10.03-12.21.54:049][916]LogMetaData: Removing '/Game/Blueprints/TwinSword_AnimBP.SKEL_TwinSword_AnimBP_C:BlueprintUpdateAnimation' ref from Metadata '/Game/TwinSwordAnimsetBase/Animation/Inplace/TwinSword_AnimBP.PackageMetaData'
[2018.10.03-12.21.54:049][916]LogMetaData: Removing '/Game/Blueprints/TwinSword_AnimBP.SKEL_TwinSword_AnimBP_C:Speed' ref from Metadata '/Game/TwinSwordAnimsetBase/Animation/Inplace/TwinSword_AnimBP.PackageMetaData'
[2018.10.03-12.21.54:049][916]LogMetaData: Removing '/Game/Blueprints/TwinSword_AnimBP.SKEL_TwinSword_AnimBP_C:IsInAir?' ref from Metadata '/Game/TwinSwordAnimsetBase/Animation/Inplace/TwinSword_AnimBP.PackageMetaData'
[2018.10.03-12.21.54:049][916]LogMetaData: Removing '/Game/Blueprints/TwinSword_AnimBP.SKEL_TwinSword_AnimBP_C' ref from Metadata '/Game/TwinSwordAnimsetBase/Animation/Inplace/TwinSword_AnimBP.PackageMetaData'
[2018.10.03-12.21.54:049][916]LogMetaData: Removing '/Game/Blueprints/TwinSword_AnimBP.TwinSword_AnimBP_C:Speed' ref from Metadata '/Game/TwinSwordAnimsetBase/Animation/Inplace/TwinSword_AnimBP.PackageMetaData'
[2018.10.03-12.21.54:049][916]LogMetaData: Removing '/Game/Blueprints/TwinSword_AnimBP.TwinSword_AnimBP_C:IsInAir?' ref from Metadata '/Game/TwinSwordAnimsetBase/Animation/Inplace/TwinSword_AnimBP.PackageMetaData'
[2018.10.03-12.21.54:049][916]LogMetaData: Removing '/Game/Blueprints/TwinSword_AnimBP.TwinSword_AnimBP_C:BlueprintUpdateAnimation' ref from Metadata '/Game/TwinSwordAnimsetBase/Animation/Inplace/TwinSword_AnimBP.PackageMetaData'
[2018.10.03-12.21.54:085][916]Cmd: OBJ SAVEPACKAGE PACKAGE="/Game/Blueprints/TwinSword_AnimBP" FILE="../../../../../../Users/harbe/Desktop/TPE/Content/Blueprints/TwinSword_AnimBP.uasset" SILENT=true
[2018.10.03-12.21.54:112][916]LogSavePackage: Moving '../../../../../../Users/harbe/Desktop/TPE/Saved/TwinSword_AnimBP6E5D79194FCFD2297DB3FFA3B3C24B22.tmp' to '../../../../../../Users/harbe/Desktop/TPE/Content/Blueprints/TwinSword_AnimBP.uasset'
[2018.10.03-12.21.56:338][162]LogAssetEditorManager: Opening Asset editor for AnimBlueprint /Game/Blueprints/TwinSword_AnimBP.TwinSword_AnimBP
[2018.10.03-12.21.56:395][162]LogContentBrowser: Native class hierarchy updated for 'SkeletonEditor' in 0.0003 seconds. Added 1 classes and 2 folders.
[2018.10.03-12.21.56:746][162]LogActorComponent: RegisterComponentWithWorld: (/Engine/Transient.World_7:PersistentLevel.AnimationEditorPreviewActor_0.DebugSkelMeshComponent_0) Already registered. Aborting.
[2018.10.03-12.21.56:756][162]LogContentBrowser: Native class hierarchy updated for 'PinnedCommandList' in 0.0002 seconds. Added 1 classes and 0 folders.
[2018.10.03-12.21.57:345][162]LogContentBrowser: Native class hierarchy updated for 'BlueprintGraph' in 0.0006 seconds. Added 116 classes and 0 folders.
[2018.10.03-12.21.58:097][162]LogSkeletalMesh: USkeletalMeshComponent::InitArticulated : Bodies already created (/Engine/Transient.World_7:PersistentLevel.AnimationEditorPreviewActor_0.DebugSkelMeshComponent_0) - call TermArticulated first.
[2018.10.03-12.21.58:460][162]LogSlate: Took 0.005699 seconds to synchronously load lazily loaded font '../../../Engine/Content/Slate/Fonts/Roboto-BoldCondensed.ttf' (158K)
[2018.10.03-12.21.58:521][162]LogContentBrowser: Native class hierarchy updated for 'ClothingSystemEditorInterface' in 0.0006 seconds. Added 1 classes and 0 folders.
[2018.10.03-12.21.58:656][163]LogSlate: Took 0.006041 seconds to synchronously load lazily loaded font '../../../Engine/Content/Slate/Fonts/Roboto-Italic.ttf' (157K)
[2018.10.03-12.22.14:743][840]LogAssetEditorManager: Opening Asset editor for AnimBlueprint /Game/Mannequin/Animations/ThirdPerson_AnimBP.ThirdPerson_AnimBP
[2018.10.03-12.22.14:761][840]LogActorComponent: RegisterComponentWithWorld: (/Engine/Transient.World_12:PersistentLevel.AnimationEditorPreviewActor_0.DebugSkelMeshComponent_0) Already registered. Aborting.
[2018.10.03-12.22.15:001][840]LogSkeletalMesh: USkeletalMeshComponent::InitArticulated : Bodies already created (/Engine/Transient.World_12:PersistentLevel.AnimationEditorPreviewActor_0.DebugSkelMeshComponent_0) - call TermArticulated first.
[2018.10.03-12.25.39:348][674]BlueprintLog: New page: TwinSword_AnimBP 컴파일
[2018.10.03-12.25.44:015][ 72]LogEditorViewport: Clicking on Actor (LMB): ThirdPersonCharacter_C (ThirdPersonCharacter)
[2018.10.03-12.25.45:787][204]LogEditorViewport: Clicking on Actor (LMB): StaticMeshActor (Floor)
[2018.10.03-12.25.46:672][275]LogEditorViewport: Clicking on Actor (LMB): StaticMeshActor (Floor)
[2018.10.03-12.25.47:273][327]LogEditorViewport: Clicking on Actor (LMB): SkeletalMeshActor (TwinSword_AnimBP)
[2018.10.03-12.25.50:486][593]LogSlate: FSceneViewport::OnFocusLost() reason 2
[2018.10.03-12.26.01:808][565]LogEditorViewport: Clicking on Actor (LMB): SkeletalMeshActor (TwinSword_AnimBP)
[2018.10.03-12.26.02:223][601]Cmd: DELETE
[2018.10.03-12.26.02:224][601]Cmd: ACTOR DELETE
[2018.10.03-12.26.02:230][601]LogEditorActor: Deleted Actor: SkeletalMeshActor
[2018.10.03-12.26.02:259][601]LogEditorActor: Deleted 1 Actors (0.032 secs)
[2018.10.03-12.26.04:044][786]LogSlate: FSceneViewport::OnFocusLost() reason 0
[2018.10.03-12.26.04:165][798]LogAssetEditorManager: Opening Asset editor for Skeleton /Game/TwinSwordAnimsetBase/UE4_Mannequin/Mesh/UE4_Mannequin_Skeleton.UE4_Mannequin_Skeleton
[2018.10.03-12.26.04:175][798]LogActorComponent: RegisterComponentWithWorld: (/Engine/Transient.World_14:PersistentLevel.AnimationEditorPreviewActor_0.DebugSkelMeshComponent_0) Already registered. Aborting.
[2018.10.03-12.26.04:204][798]LogSkeletalMesh: USkeletalMeshComponent::InitArticulated : Bodies already created (/Engine/Transient.World_14:PersistentLevel.AnimationEditorPreviewActor_0.DebugSkelMeshComponent_0) - call TermArticulated first.
[2018.10.03-12.26.04:456][799]LogRenderer: Reallocating scene render targets to support 1208x888 Format 10 NumSamples 1 (Frame:1).
[2018.10.03-12.26.06:358][985]LogAssetEditorManager: Opening Asset editor for SkeletalMesh /Game/TwinSwordAnimsetBase/UE4_Mannequin/Mesh/SK_Mannequin.SK_Mannequin
[2018.10.03-12.26.06:364][985]LogActorComponent: RegisterComponentWithWorld: (/Engine/Transient.World_15:PersistentLevel.AnimationEditorPreviewActor_0.DebugSkelMeshComponent_0) Already registered. Aborting.
[2018.10.03-12.26.06:396][985]LogSkeletalMesh: USkeletalMeshComponent::InitArticulated : Bodies already created (/Engine/Transient.World_15:PersistentLevel.AnimationEditorPreviewActor_0.DebugSkelMeshComponent_0) - call TermArticulated first.
[2018.10.03-12.26.13:176][566]BlueprintLog: New page: TwinSword_AnimBP 컴파일
[2018.10.03-12.26.14:031][635]LogTemp: Repeating last play command: 선택된 뷰포트
[2018.10.03-12.26.14:048][635]LogBlueprintUserMessages: Early PlayInEditor Detection: Level '/Game/ThirdPersonBP/Maps/ThirdPersonExampleMap.ThirdPersonExampleMap:PersistentLevel' has LevelScriptBlueprint '/Game/ThirdPersonBP/Maps/ThirdPersonExampleMap.ThirdPersonExampleMap:PersistentLevel.ThirdPersonExampleMap' with GeneratedClass '/Game/ThirdPersonBP/Maps/ThirdPersonExampleMap.ThirdPersonExampleMap_C' with ClassGeneratedBy '/Game/ThirdPersonBP/Maps/ThirdPersonExampleMap.ThirdPersonExampleMap:PersistentLevel.ThirdPersonExampleMap'
[2018.10.03-12.26.14:048][635]LogPlayLevel: PlayLevel: No blueprints needed recompiling
[2018.10.03-12.26.14:062][635]PIE: New page: PIE 세션: ThirdPersonExampleMap (2018. 10. 4. 오전 6:26:14)
[2018.10.03-12.26.14:062][635]LogPlayLevel: Creating play world package: /Game/ThirdPersonBP/Maps/UEDPIE_0_ThirdPersonExampleMap
[2018.10.03-12.26.14:074][635]LogPlayLevel: PIE: StaticDuplicateObject took: (0.011715s)
[2018.10.03-12.26.14:075][635]LogAIModule: Creating AISystem for world ThirdPersonExampleMap
[2018.10.03-12.26.14:075][635]LogPlayLevel: PIE: World Init took: (0.000831s)
[2018.10.03-12.26.14:075][635]LogPlayLevel: PIE: Created PIE world by copying editor world from /Game/ThirdPersonBP/Maps/ThirdPersonExampleMap.ThirdPersonExampleMap to /Game/ThirdPersonBP/Maps/UEDPIE_0_ThirdPersonExampleMap.ThirdPersonExampleMap (0.012715s)
[2018.10.03-12.26.14:110][635]LogInit: XAudio2 using 'N2413 ADS LED(NVIDIA High Definition Audio)' : 2 channels at 48 kHz using 16 bits per sample (channel mask 0x3)
[2018.10.03-12.26.14:121][635]LogInit: FAudioDevice initialized.
[2018.10.03-12.26.14:172][635]LogLoad: Game class is 'ThirdPersonGameMode_C'
[2018.10.03-12.26.14:174][635]LogWorld: Bringing World /Game/ThirdPersonBP/Maps/UEDPIE_0_ThirdPersonExampleMap.ThirdPersonExampleMap up for play (max tick rate 0) at 2018.10.03-21.26.14
[2018.10.03-12.26.14:175][635]LogWorld: Bringing up level for play took: 0.001890
[2018.10.03-12.26.14:205][635]LogContentBrowser: Native class hierarchy updated for 'MovieSceneCapture' in 0.0003 seconds. Added 10 classes and 0 folders.
[2018.10.03-12.26.14:206][635]PIE: /Game/ThirdPersonBP/Maps/UEDPIE_0_ThirdPersonExampleMap 에 대한 에디터에서 플레이 시작 시간: 0.035
[2018.10.03-12.26.14:207][635]LogBlueprintUserMessages: Late PlayInEditor Detection: Level '/Game/ThirdPersonBP/Maps/ThirdPersonExampleMap.ThirdPersonExampleMap:PersistentLevel' has LevelScriptBlueprint '/Game/ThirdPersonBP/Maps/ThirdPersonExampleMap.ThirdPersonExampleMap:PersistentLevel.ThirdPersonExampleMap' with GeneratedClass '/Game/ThirdPersonBP/Maps/ThirdPersonExampleMap.ThirdPersonExampleMap_C' with ClassGeneratedBy '/Game/ThirdPersonBP/Maps/ThirdPersonExampleMap.ThirdPersonExampleMap:PersistentLevel.ThirdPersonExampleMap'
[2018.10.03-12.26.19:238][ 99]LogBlueprintUserMessages: Early EndPlayMap Detection: Level '/Game/ThirdPersonBP/Maps/ThirdPersonExampleMap.ThirdPersonExampleMap:PersistentLevel' has LevelScriptBlueprint '/Game/ThirdPersonBP/Maps/ThirdPersonExampleMap.ThirdPersonExampleMap:PersistentLevel.ThirdPersonExampleMap' with GeneratedClass '/Game/ThirdPersonBP/Maps/ThirdPersonExampleMap.ThirdPersonExampleMap_C' with ClassGeneratedBy '/Game/ThirdPersonBP/Maps/ThirdPersonExampleMap.ThirdPersonExampleMap:PersistentLevel.ThirdPersonExampleMap'
[2018.10.03-12.26.19:240][ 99]LogSlate: Updating window title bar state: overlay mode, drag disabled, window buttons hidden, title bar hidden
[2018.10.03-12.26.19:276][ 99]LogPlayLevel: Display: Shutting down PIE online subsystems
[2018.10.03-12.26.19:277][ 99]LogBlueprintUserMessages: Late EndPlayMap Detection: Level '/Game/ThirdPersonBP/Maps/ThirdPersonExampleMap.ThirdPersonExampleMap:PersistentLevel' has LevelScriptBlueprint '/Game/ThirdPersonBP/Maps/ThirdPersonExampleMap.ThirdPersonExampleMap:PersistentLevel.ThirdPersonExampleMap' with GeneratedClass '/Game/ThirdPersonBP/Maps/ThirdPersonExampleMap.ThirdPersonExampleMap_C' with ClassGeneratedBy '/Game/ThirdPersonBP/Maps/ThirdPersonExampleMap.ThirdPersonExampleMap:PersistentLevel.ThirdPersonExampleMap'
[2018.10.03-12.26.19:306][ 99]LogSlate: Updating window title bar state: overlay mode, drag disabled, window buttons hidden, title bar hidden
[2018.10.03-12.26.19:376][101]LogPlayLevel: Display: Destroying online subsystem :Context_17
[2018.10.03-12.26.20:408][208]LogEditorViewport: Clicking on Actor (LMB): ThirdPersonCharacter_C (ThirdPersonCharacter)
[2018.10.03-12.26.23:046][395]LogSlate: FSceneViewport::OnFocusLost() reason 2
[2018.10.03-12.26.28:794][760]LogEditorViewport: Clicking on Actor (LMB): ThirdPersonCharacter_C (ThirdPersonCharacter)
[2018.10.03-12.26.29:243][793]Cmd: DELETE
[2018.10.03-12.26.29:243][793]Cmd: ACTOR DELETE
[2018.10.03-12.26.29:245][793]LogEditorActor: Deleted Actor: ThirdPersonCharacter_C
[2018.10.03-12.26.29:305][793]LogEditorActor: Deleted 1 Actors (0.062 secs)
[2018.10.03-12.26.30:692][917]LogSlate: FSceneViewport::OnFocusLost() reason 0
[2018.10.03-12.26.42:873][873]LogSlate: FSceneViewport::OnFocusLost() reason 0
[2018.10.03-12.29.06:027][314]LogContentBrowser: Verbose: The majority of assets in the view are of type: AnimSequence
[2018.10.03-12.31.56:649][647]LogSavePackage: Moving '../../../../../../Users/harbe/Desktop/TPE/Saved/ThirdPersonExampleMap_Auto187E1C6A248732CCD28FF8186B63EFBCF.tmp' to '../../../../../../Users/harbe/Desktop/TPE/Saved/Autosaves/Game/ThirdPersonBP/Maps/ThirdPersonExampleMap_Auto1.umap'
[2018.10.03-12.31.56:656][647]LogFileHelpers: Editor autosave (incl. sublevels) for '/Game/ThirdPersonBP/Maps/ThirdPersonExampleMap' took 0.191
[2018.10.03-12.31.56:656][647]LogFileHelpers: Editor autosave (incl. sublevels) for all levels took 0.191
[2018.10.03-12.31.56:658][647]OBJ SavePackage: Generating thumbnails for [1] asset(s) in package [/Game/Blueprints/TwinSword_AnimBP] ([1] browsable assets)...
[2018.10.03-12.31.56:699][647]OBJ SavePackage:     Rendered thumbnail for [AnimBlueprint /Game/Blueprints/TwinSword_AnimBP.TwinSword_AnimBP]
[2018.10.03-12.31.56:699][647]OBJ SavePackage: Finished generating thumbnails for package [/Game/Blueprints/TwinSword_AnimBP]
[2018.10.03-12.31.56:699][647]Cmd: OBJ SAVEPACKAGE PACKAGE="/Game/Blueprints/TwinSword_AnimBP" FILE="../../../../../../Users/harbe/Desktop/TPE/Saved/Autosaves/Game/Blueprints/TwinSword_AnimBP_Auto1.uasset" SILENT=false AUTOSAVING=true
[2018.10.03-12.31.56:732][647]LogSavePackage: Moving '../../../../../../Users/harbe/Desktop/TPE/Saved/TwinSword_AnimBP_Auto19C8E81B34DE98167AF2CFFA507EF99BA.tmp' to '../../../../../../Users/harbe/Desktop/TPE/Saved/Autosaves/Game/Blueprints/TwinSword_AnimBP_Auto1.uasset'
[2018.10.03-12.31.56:734][647]LogFileHelpers: Auto-saving content packages took 0.077
[2018.10.03-12.32.00:507][922]LogSlate: FSceneViewport::OnFocusLost() reason 0
[2018.10.03-12.32.55:955][959]Cmd: OBJ SAVEPACKAGE PACKAGE="/Game/Blueprints/TwinSword_AnimBP" FILE="../../../../../../Users/harbe/Desktop/TPE/Content/Blueprints/TwinSword_AnimBP.uasset" SILENT=true
[2018.10.03-12.32.55:976][959]LogSavePackage: Moving '../../../../../../Users/harbe/Desktop/TPE/Saved/TwinSword_AnimBPEF49552C48BA1C1E726B2BBA01188EE1.tmp' to '../../../../../../Users/harbe/Desktop/TPE/Content/Blueprints/TwinSword_AnimBP.uasset'
[2018.10.03-12.32.57:231][ 51]LogSlate: FSceneViewport::OnFocusLost() reason 0
[2018.10.03-12.32.57:557][ 74]LogSlate: Window 'SK_Mannequin' being destroyed
[2018.10.03-12.32.57:560][ 74]LogSlate: Window 'SK_Mannequin' being destroyed
[2018.10.03-12.32.58:316][ 93]LogSlate: FSceneViewport::OnFocusLost() reason 0
[2018.10.03-12.32.58:530][113]LogSlate: Window 'ThirdPerson_AnimBP' being destroyed
[2018.10.03-12.32.58:532][113]LogSlate: Window 'ThirdPerson_AnimBP' being destroyed
[2018.10.03-12.32.59:790][239]LogSlate: FSceneViewport::OnFocusLost() reason 0
[2018.10.03-12.33.00:851][359]LogEditorViewport: Clicking on Actor (LMB): SkeletalMeshActor (TwinSword_AnimBP)
[2018.10.03-12.33.01:386][420]LogSlate: FSceneViewport::OnFocusLost() reason 0
[2018.10.03-12.33.01:461][429]LogTemp: Repeating last play command: 선택된 뷰포트
[2018.10.03-12.33.01:476][429]LogBlueprintUserMessages: Early PlayInEditor Detection: Level '/Game/ThirdPersonBP/Maps/ThirdPersonExampleMap.ThirdPersonExampleMap:PersistentLevel' has LevelScriptBlueprint '/Game/ThirdPersonBP/Maps/ThirdPersonExampleMap.ThirdPersonExampleMap:PersistentLevel.ThirdPersonExampleMap' with GeneratedClass '/Game/ThirdPersonBP/Maps/ThirdPersonExampleMap.ThirdPersonExampleMap_C' with ClassGeneratedBy '/Game/ThirdPersonBP/Maps/ThirdPersonExampleMap.ThirdPersonExampleMap:PersistentLevel.ThirdPersonExampleMap'
[2018.10.03-12.33.01:476][429]BlueprintLog: New page: 플레이 전 자동 컴파일
[2018.10.03-12.33.01:479][429]LogPlayLevel: [PlayLevel] Compiling TwinSword_AnimBP before play...
[2018.10.03-12.33.01:614][429]LogPlayLevel: PlayLevel: Blueprint regeneration took 138 ms (1 blueprints)
[2018.10.03-12.33.01:615][429]PIE: New page: PIE 세션: ThirdPersonExampleMap (2018. 10. 4. 오전 6:33:01)
[2018.10.03-12.33.01:615][429]LogPlayLevel: Creating play world package: /Game/ThirdPersonBP/Maps/UEDPIE_0_ThirdPersonExampleMap
[2018.10.03-12.33.01:625][429]LogPlayLevel: PIE: StaticDuplicateObject took: (0.010012s)
[2018.10.03-12.33.01:627][429]LogAIModule: Creating AISystem for world ThirdPersonExampleMap
[2018.10.03-12.33.01:627][429]LogPlayLevel: PIE: World Init took: (0.002384s)
[2018.10.03-12.33.01:627][429]LogPlayLevel: PIE: Created PIE world by copying editor world from /Game/ThirdPersonBP/Maps/ThirdPersonExampleMap.ThirdPersonExampleMap to /Game/ThirdPersonBP/Maps/UEDPIE_0_ThirdPersonExampleMap.ThirdPersonExampleMap (0.012556s)
[2018.10.03-12.33.01:659][429]LogInit: XAudio2 using 'N2413 ADS LED(NVIDIA High Definition Audio)' : 2 channels at 48 kHz using 16 bits per sample (channel mask 0x3)
[2018.10.03-12.33.01:670][429]LogInit: FAudioDevice initialized.
[2018.10.03-12.33.01:703][429]LogLoad: Game class is 'ThirdPersonGameMode_C'
[2018.10.03-12.33.01:704][429]LogWorld: Bringing World /Game/ThirdPersonBP/Maps/UEDPIE_0_ThirdPersonExampleMap.ThirdPersonExampleMap up for play (max tick rate 0) at 2018.10.03-21.33.01
[2018.10.03-12.33.01:705][429]LogWorld: Bringing up level for play took: 0.001333
[2018.10.03-12.33.01:718][429]PIE: /Game/ThirdPersonBP/Maps/UEDPIE_0_ThirdPersonExampleMap 에 대한 에디터에서 플레이 시작 시간: -0.453
[2018.10.03-12.33.01:718][429]LogBlueprintUserMessages: Late PlayInEditor Detection: Level '/Game/ThirdPersonBP/Maps/ThirdPersonExampleMap.ThirdPersonExampleMap:PersistentLevel' has LevelScriptBlueprint '/Game/ThirdPersonBP/Maps/ThirdPersonExampleMap.ThirdPersonExampleMap:PersistentLevel.ThirdPersonExampleMap' with GeneratedClass '/Game/ThirdPersonBP/Maps/ThirdPersonExampleMap.ThirdPersonExampleMap_C' with ClassGeneratedBy '/Game/ThirdPersonBP/Maps/ThirdPersonExampleMap.ThirdPersonExampleMap:PersistentLevel.ThirdPersonExampleMap'
[2018.10.03-12.33.03:580][640]LogBlueprintUserMessages: Early EndPlayMap Detection: Level '/Game/ThirdPersonBP/Maps/ThirdPersonExampleMap.ThirdPersonExampleMap:PersistentLevel' has LevelScriptBlueprint '/Game/ThirdPersonBP/Maps/ThirdPersonExampleMap.ThirdPersonExampleMap:PersistentLevel.ThirdPersonExampleMap' with GeneratedClass '/Game/ThirdPersonBP/Maps/ThirdPersonExampleMap.ThirdPersonExampleMap_C' with ClassGeneratedBy '/Game/ThirdPersonBP/Maps/ThirdPersonExampleMap.ThirdPersonExampleMap:PersistentLevel.ThirdPersonExampleMap'
[2018.10.03-12.33.03:580][640]LogSlate: Updating window title bar state: overlay mode, drag disabled, window buttons hidden, title bar hidden
[2018.10.03-12.33.03:615][640]LogPlayLevel: Display: Shutting down PIE online subsystems
[2018.10.03-12.33.03:615][640]LogBlueprintUserMessages: Late EndPlayMap Detection: Level '/Game/ThirdPersonBP/Maps/ThirdPersonExampleMap.ThirdPersonExampleMap:PersistentLevel' has LevelScriptBlueprint '/Game/ThirdPersonBP/Maps/ThirdPersonExampleMap.ThirdPersonExampleMap:PersistentLevel.ThirdPersonExampleMap' with GeneratedClass '/Game/ThirdPersonBP/Maps/ThirdPersonExampleMap.ThirdPersonExampleMap_C' with ClassGeneratedBy '/Game/ThirdPersonBP/Maps/ThirdPersonExampleMap.ThirdPersonExampleMap:PersistentLevel.ThirdPersonExampleMap'
[2018.10.03-12.33.03:641][640]LogSlate: Updating window title bar state: overlay mode, drag disabled, window buttons hidden, title bar hidden
[2018.10.03-12.33.03:684][642]LogPlayLevel: Display: Destroying online subsystem :Context_18
[2018.10.03-12.33.06:195][941]LogSlate: FSceneViewport::OnFocusLost() reason 0
[2018.10.03-12.33.49:867][153]LogSlate: FSceneViewport::OnFocusLost() reason 0
[2018.10.03-12.34.01:775][536]LogEditorViewport: Clicking on Actor (LMB): StaticMeshActor (LeftArm_StaticMesh)
[2018.10.03-12.34.02:236][585]LogEditorViewport: Clicking on Actor (LMB): SkeletalMeshActor (TwinSword_AnimBP2)
[2018.10.03-12.34.02:844][650]Cmd: DELETE
[2018.10.03-12.34.02:844][650]Cmd: ACTOR DELETE
[2018.10.03-12.34.02:846][650]LogEditorActor: Deleted Actor: SkeletalMeshActor
[2018.10.03-12.34.02:872][650]LogEditorActor: Deleted 1 Actors (0.027 secs)
[2018.10.03-12.34.08:102][277]LogSlate: FSceneViewport::OnFocusLost() reason 0
[2018.10.03-12.34.09:358][405]LogSavePackage: Moving '../../../../../../Users/harbe/Desktop/TPE/Saved/ThirdPersonExampleMap269ADF824581EBB6C0C086AA171B4025.tmp' to '../../../../../../Users/harbe/Desktop/TPE/Content/ThirdPersonBP/Maps/ThirdPersonExampleMap.umap'
[2018.10.03-12.34.09:560][405]LogSavePackage: Moving '../../../../../../Users/harbe/Desktop/TPE/Saved/ThirdPersonExampleMap_BuiltData8646D23F4CF17569D4C94689090AB695.tmp' to '../../../../../../Users/harbe/Desktop/TPE/Content/ThirdPersonBP/Maps/ThirdPersonExampleMap_BuiltData.uasset'
[2018.10.03-12.34.10:621][492]LogSlate: Window 'TPE - 언리얼 에디터' being destroyed
[2018.10.03-12.34.10:624][492]LogWindowsTextInputMethodSystem: Display: IME system now activated using TSF (Microsoft 입력기).
[2018.10.03-12.34.10:812][493]Cmd: QUIT_EDITOR
[2018.10.03-12.34.10:928][493]LogExit: Preparing to exit.
[2018.10.03-12.34.11:266][493]LogExit: Editor shut down
[2018.10.03-12.34.11:266][493]LogExit: Transaction tracking system shut down
[2018.10.03-12.34.11:916][493]LogExit: Object subsystem successfully closed.
[2018.10.03-12.34.11:935][493]LogShaderCompilers: Display: Shaders left to compile 0
[2018.10.03-12.34.11:938][493]LogD3D11RHI: Shutdown
[2018.10.03-12.34.11:939][493]LogD3D11RHI: CleanupD3DDevice
[2018.10.03-12.34.11:941][493]LogD3D11RHI: ~FD3D11DynamicRHI
[2018.10.03-12.34.11:976][493]LogModuleManager: Shutting down and abandoning module MovieSceneCapture (642)
[2018.10.03-12.34.11:976][493]LogModuleManager: Shutting down and abandoning module Voice (640)
[2018.10.03-12.34.11:976][493]LogModuleManager: Shutting down and abandoning module ClothingSystemEditorInterface (638)
[2018.10.03-12.34.11:976][493]LogModuleManager: Shutting down and abandoning module BlueprintGraph (636)
[2018.10.03-12.34.11:976][493]LogModuleManager: Shutting down and abandoning module PinnedCommandList (634)
[2018.10.03-12.34.11:976][493]LogModuleManager: Shutting down and abandoning module SkeletonEditor (632)
[2018.10.03-12.34.11:976][493]LogModuleManager: Shutting down and abandoning module AnimationBlueprintEditor (630)
[2018.10.03-12.34.11:976][493]LogModuleManager: Shutting down and abandoning module HierarchicalLODOutliner (628)
[2018.10.03-12.34.11:976][493]LogModuleManager: Shutting down and abandoning module SceneOutliner (626)
[2018.10.03-12.34.11:976][493]LogModuleManager: Shutting down and abandoning module AddContentDialog (624)
[2018.10.03-12.34.11:977][493]LogModuleManager: Shutting down and abandoning module WidgetCarousel (623)
[2018.10.03-12.34.11:977][493]LogModuleManager: Shutting down and abandoning module EditorWidgets (620)
[2018.10.03-12.34.11:977][493]LogModuleManager: Shutting down and abandoning module CollectionManager (618)
[2018.10.03-12.34.11:977][493]LogModuleManager: Shutting down and abandoning module StatsViewer (616)
[2018.10.03-12.34.11:977][493]LogModuleManager: Shutting down and abandoning module FoliageEdit (614)
[2018.10.03-12.34.11:977][493]LogModuleManager: Shutting down and abandoning module LandscapeEditor (612)
[2018.10.03-12.34.11:978][493]LogModuleManager: Shutting down and abandoning module MeshPaintMode (610)
[2018.10.03-12.34.11:978][493]LogModuleManager: Shutting down and abandoning module SceneDepthPickerMode (608)
[2018.10.03-12.34.11:978][493]LogModuleManager: Shutting down and abandoning module ActorPickerMode (606)
[2018.10.03-12.34.11:978][493]LogModuleManager: Shutting down and abandoning module GeometryMode (604)
[2018.10.03-12.34.11:978][493]LogModuleManager: Shutting down and abandoning module TextureAlignMode (602)
[2018.10.03-12.34.11:978][493]LogModuleManager: Shutting down and abandoning module BspMode (600)
[2018.10.03-12.34.11:978][493]LogModuleManager: Shutting down and abandoning module PIEPreviewDeviceProfileSelector (598)
[2018.10.03-12.34.11:978][493]LogModuleManager: Shutting down and abandoning module SequenceRecorderSections (596)
[2018.10.03-12.34.11:978][493]LogModuleManager: Shutting down and abandoning module AutomationWorker (594)
[2018.10.03-12.34.11:978][493]LogModuleManager: Shutting down and abandoning module DatasmithFBXImporter (592)
[2018.10.03-12.34.11:979][493]LogModuleManager: Shutting down and abandoning module DatasmithDeltaGenImporter (590)
[2018.10.03-12.34.11:979][493]LogModuleManager: Shutting down and abandoning module DatasmithVREDImporter (588)
[2018.10.03-12.34.11:979][493]LogModuleManager: Shutting down and abandoning module AudioCaptureEditor (586)
[2018.10.03-12.34.11:979][493]LogModuleManager: Shutting down and abandoning module SequenceRecorder (585)
[2018.10.03-12.34.11:979][493]LogModuleManager: Shutting down and abandoning module MatineeToLevelSequence (582)
[2018.10.03-12.34.11:979][493]LogModuleManager: Shutting down and abandoning module LevelSequenceEditor (580)
[2018.10.03-12.34.11:979][493]LogModuleManager: Shutting down and abandoning module PlacementMode (579)
[2018.10.03-12.34.11:979][493]LogModuleManager: Shutting down and abandoning module MaterialEditor (578)
[2018.10.03-12.34.11:980][493]LogModuleManager: Shutting down and abandoning module WmfMediaFactory (574)
[2018.10.03-12.34.11:981][493]LogModuleManager: Shutting down and abandoning module WmfMediaEditor (572)
[2018.10.03-12.34.11:981][493]LogModuleManager: Shutting down and abandoning module MediaPlayerEditor (570)
[2018.10.03-12.34.11:981][493]LogModuleManager: Shutting down and abandoning module OpenExrWrapper (568)
[2018.10.03-12.34.11:981][493]LogModuleManager: Shutting down and abandoning module ImgMediaFactory (566)
[2018.10.03-12.34.11:981][493]LogModuleManager: Shutting down and abandoning module ImgMediaEditor (564)
[2018.10.03-12.34.11:981][493]LogModuleManager: Shutting down and abandoning module AvfMediaFactory (562)
[2018.10.03-12.34.11:981][493]LogModuleManager: Shutting down and abandoning module AvfMediaEditor (560)
[2018.10.03-12.34.11:981][493]LogModuleManager: Shutting down and abandoning module AndroidMediaFactory (558)
[2018.10.03-12.34.11:981][493]LogModuleManager: Shutting down and abandoning module AndroidMediaEditor (556)
[2018.10.03-12.34.11:981][493]LogModuleManager: Shutting down and abandoning module MagicLeapCameraPreviewFactory (554)
[2018.10.03-12.34.11:981][493]LogModuleManager: Shutting down and abandoning module MagicLeapMediaFactory (552)
[2018.10.03-12.34.11:981][493]LogModuleManager: Shutting down and abandoning module MagicLeapMediaEditor (550)
[2018.10.03-12.34.11:981][493]LogModuleManager: Shutting down and abandoning module CharacterAI (548)
[2018.10.03-12.34.11:981][493]LogModuleManager: Shutting down and abandoning module SmartSnapping (546)
[2018.10.03-12.34.11:981][493]LogModuleManager: Shutting down and abandoning module SessionServices (544)
[2018.10.03-12.34.11:981][493]LogModuleManager: Shutting down and abandoning module ViewportSnapping (542)
[2018.10.03-12.34.11:981][493]LogModuleManager: Shutting down and abandoning module ViewportInteraction (540)
[2018.10.03-12.34.11:981][493]LogModuleManager: Shutting down and abandoning module ClothPainter (538)
[2018.10.03-12.34.11:981][493]LogModuleManager: Shutting down and abandoning module SkeletalMeshEditor (537)
[2018.10.03-12.34.11:981][493]LogModuleManager: Shutting down and abandoning module LogVisualizer (534)
[2018.10.03-12.34.11:981][493]LogModuleManager: Shutting down and abandoning module IntroTutorials (532)
[2018.10.03-12.34.11:981][493]LogModuleManager: Shutting down and abandoning module GameProjectGeneration (531)
[2018.10.03-12.34.11:982][493]LogModuleManager: Shutting down and abandoning module LuminPlatformEditor (528)
[2018.10.03-12.34.11:982][493]LogModuleManager: Shutting down and abandoning module IOSPlatformEditor (526)
[2018.10.03-12.34.11:982][493]LogModuleManager: Shutting down and abandoning module HTML5PlatformEditor (524)
[2018.10.03-12.34.11:982][493]LogModuleManager: Shutting down and abandoning module AndroidPlatformEditor (522)
[2018.10.03-12.34.11:982][493]LogModuleManager: Shutting down and abandoning module AndroidDeviceDetection (521)
[2018.10.03-12.34.12:430][493]LogModuleManager: Shutting down and abandoning module WindowsPlatformEditor (518)
[2018.10.03-12.34.12:430][493]LogModuleManager: Shutting down and abandoning module LuminRuntimeSettings (516)
[2018.10.03-12.34.12:430][493]LogModuleManager: Shutting down and abandoning module IOSRuntimeSettings (514)
[2018.10.03-12.34.12:430][493]LogModuleManager: Shutting down and abandoning module AndroidRuntimeSettings (512)
[2018.10.03-12.34.12:430][493]LogModuleManager: Shutting down and abandoning module InputBindingEditor (510)
[2018.10.03-12.34.12:430][493]LogModuleManager: Shutting down and abandoning module MergeActors (508)
[2018.10.03-12.34.12:430][493]LogModuleManager: Shutting down and abandoning module LocalizationDashboard (506)
[2018.10.03-12.34.12:431][493]LogModuleManager: Shutting down and abandoning module LocalizationService (505)
[2018.10.03-12.34.12:431][493]LogModuleManager: Shutting down and abandoning module HardwareTargeting (502)
[2018.10.03-12.34.12:431][493]LogModuleManager: Shutting down and abandoning module DeviceProfileEditor (500)
[2018.10.03-12.34.12:431][493]LogModuleManager: Shutting down and abandoning module UndoHistory (498)
[2018.10.03-12.34.12:431][493]LogModuleManager: Shutting down and abandoning module XmlParser (496)
[2018.10.03-12.34.12:431][493]LogModuleManager: Shutting down and abandoning module Blutility (494)
[2018.10.03-12.34.12:431][493]LogModuleManager: Shutting down and abandoning module ProjectSettingsViewer (492)
[2018.10.03-12.34.12:431][493]LogModuleManager: Shutting down and abandoning module ProjectTargetPlatformEditor (491)
[2018.10.03-12.34.12:431][493]LogModuleManager: Shutting down and abandoning module EditorSettingsViewer (488)
[2018.10.03-12.34.12:431][493]LogModuleManager: Shutting down and abandoning module SettingsEditor (486)
[2018.10.03-12.34.12:431][493]LogModuleManager: Shutting down and abandoning module ProjectLauncher (484)
[2018.10.03-12.34.12:432][493]LogModuleManager: Shutting down and abandoning module SessionFrontend (482)
[2018.10.03-12.34.12:432][493]LogModuleManager: Shutting down and abandoning module ProfilerClient (480)
[2018.10.03-12.34.12:432][493]LogModuleManager: Shutting down and abandoning module DeviceManager (478)
[2018.10.03-12.34.12:432][493]LogModuleManager: Shutting down and abandoning module TargetDeviceServices (477)
[2018.10.03-12.34.12:487][493]LogModuleManager: Shutting down and abandoning module AutomationController (474)
[2018.10.03-12.34.12:487][493]LogModuleManager: Shutting down and abandoning module AutomationWindow (472)
[2018.10.03-12.34.12:487][493]LogModuleManager: Shutting down and abandoning module Layers (470)
[2018.10.03-12.34.12:489][493]LogModuleManager: Shutting down and abandoning module ComponentVisualizers (468)
[2018.10.03-12.34.12:489][493]LogModuleManager: Shutting down and abandoning module DetailCustomizations (466)
[2018.10.03-12.34.12:489][493]LogModuleManager: Shutting down and abandoning module PackagesDialog (464)
[2018.10.03-12.34.12:490][493]LogModuleManager: Shutting down and abandoning module Persona (462)
[2018.10.03-12.34.12:490][493]LogModuleManager: Shutting down and abandoning module AnimGraph (461)
[2018.10.03-12.34.12:490][493]LogModuleManager: Shutting down and abandoning module Kismet (458)
[2018.10.03-12.34.12:494][493]LogModuleManager: Shutting down and abandoning module GraphEditor (456)
[2018.10.03-12.34.12:494][493]LogModuleManager: Shutting down and abandoning module ClassViewer (454)
[2018.10.03-12.34.12:494][493]LogModuleManager: Shutting down and abandoning module Toolbox (452)
[2018.10.03-12.34.12:494][493]LogModuleManager: Shutting down and abandoning module ModuleUI (450)
[2018.10.03-12.34.12:495][493]LogModuleManager: Shutting down and abandoning module MovieSceneTools (448)
[2018.10.03-12.34.12:495][493]LogModuleManager: Shutting down and abandoning module OutputLog (446)
[2018.10.03-12.34.12:495][493]LogModuleManager: Shutting down and abandoning module GammaUI (444)
[2018.10.03-12.34.12:495][493]LogModuleManager: Shutting down and abandoning module Documentation (442)
[2018.10.03-12.34.12:495][493]LogModuleManager: Shutting down and abandoning module MovieSceneTracks (440)
[2018.10.03-12.34.12:495][493]LogModuleManager: Shutting down and abandoning module MovieScene (438)
[2018.10.03-12.34.12:495][493]LogModuleManager: Shutting down and abandoning module StreamingPauseRendering (436)
[2018.10.03-12.34.12:495][493]LogModuleManager: Shutting down and abandoning module LauncherPlatform (434)
[2018.10.03-12.34.12:495][493]LogModuleManager: Shutting down and abandoning module AnalyticsET (432)
[2018.10.03-12.34.12:495][493]LogModuleManager: Shutting down and abandoning module PortalServices (430)
[2018.10.03-12.34.12:495][493]LogModuleManager: Shutting down and abandoning module PortalRpc (428)
[2018.10.03-12.34.12:495][493]LogModuleManager: Shutting down and abandoning module MessagingRpc (426)
[2018.10.03-12.34.12:495][493]LogModuleManager: Shutting down and abandoning module AIModule (424)
[2018.10.03-12.34.12:495][493]LogModuleManager: Shutting down and abandoning module GameplayDebugger (423)
[2018.10.03-12.34.12:496][493]LogModuleManager: Shutting down and abandoning module AITestSuite (421)
[2018.10.03-12.34.12:496][493]LogModuleManager: Shutting down and abandoning module NavigationSystem (419)
[2018.10.03-12.34.12:496][493]LogModuleManager: Shutting down and abandoning module DesktopPlatform (416)
[2018.10.03-12.34.12:496][493]LogModuleManager: Shutting down and abandoning module ProfilerService (414)
[2018.10.03-12.34.12:721][493]LogModuleManager: Shutting down and abandoning module TaskGraph (412)
[2018.10.03-12.34.12:721][493]LogModuleManager: Shutting down and abandoning module DatasmithCADImporter (410)
[2018.10.03-12.34.12:722][493]LogModuleManager: Shutting down and abandoning module StaticMeshEditorExtension (408)
[2018.10.03-12.34.12:722][493]LogModuleManager: Shutting down and abandoning module StaticMeshEditor (407)
[2018.10.03-12.34.12:724][493]LogModuleManager: Shutting down and abandoning module AdvancedPreviewScene (406)
[2018.10.03-12.34.12:724][493]LogModuleManager: Shutting down and abandoning module DatasmithMDLImporter (402)
[2018.10.03-12.34.12:727][493]LogModuleManager: Shutting down and abandoning module DatasmithImporter (400)
[2018.10.03-12.34.12:729][493]LogModuleManager: Shutting down and abandoning module SteamVRController (398)
[2018.10.03-12.34.12:729][493]LogModuleManager: Shutting down and abandoning module ProceduralMeshComponentEditor (396)
[2018.10.03-12.34.12:729][493]LogModuleManager: Shutting down and abandoning module ProceduralMeshComponent (394)
[2018.10.03-12.34.12:729][493]LogModuleManager: Shutting down and abandoning module OculusInput (392)
[2018.10.03-12.34.12:729][493]LogModuleManager: Shutting down and abandoning module MobilePatchingUtils (390)
[2018.10.03-12.34.12:729][493]LogModuleManager: Shutting down and abandoning module EditableMesh (388)
[2018.10.03-12.34.12:729][493]LogModuleManager: Shutting down and abandoning module CustomMeshComponent (386)
[2018.10.03-12.34.12:729][493]LogModuleManager: Shutting down and abandoning module CableComponent (384)
[2018.10.03-12.34.12:729][493]LogModuleManager: Shutting down and abandoning module AudioCapture (382)
[2018.10.03-12.34.12:729][493]LogModuleManager: Shutting down and abandoning module ArchVisCharacter (380)
[2018.10.03-12.34.12:729][493]LogModuleManager: Shutting down and abandoning module AndroidPermission (378)
[2018.10.03-12.34.12:729][493]LogModuleManager: Shutting down and abandoning module NUTUnrealEngine4 (376)
[2018.10.03-12.34.12:729][493]LogModuleManager: Shutting down and abandoning module NetcodeUnitTest (374)
[2018.10.03-12.34.12:729][493]LogModuleManager: Shutting down and abandoning module MediaCompositingEditor (372)
[2018.10.03-12.34.12:729][493]LogModuleManager: Shutting down and abandoning module MediaCompositing (370)
[2018.10.03-12.34.12:729][493]LogModuleManager: Shutting down and abandoning module LinearTimecode (368)
[2018.10.03-12.34.12:730][493]LogModuleManager: Shutting down and abandoning module ImgMedia (366)
[2018.10.03-12.34.12:738][493]LogModuleManager: Shutting down and abandoning module HTML5Networking (364)
[2018.10.03-12.34.12:738][493]LogModuleManager: Shutting down and abandoning module GeometryCacheTracks (362)
[2018.10.03-12.34.12:738][493]LogModuleManager: Shutting down and abandoning module GeometryCacheSequencer (360)
[2018.10.03-12.34.12:738][493]LogModuleManager: Shutting down and abandoning module BackChannel (358)
[2018.10.03-12.34.12:739][493]LogModuleManager: Shutting down and abandoning module AppleVision (356)
[2018.10.03-12.34.12:739][493]LogModuleManager: Shutting down and abandoning module AppleImageUtils (354)
[2018.10.03-12.34.12:739][493]LogModuleManager: Shutting down and abandoning module AlembicImporter (352)
[2018.10.03-12.34.12:739][493]LogModuleManager: Shutting down and abandoning module AlembicLibrary (351)
[2018.10.03-12.34.12:739][493]LogModuleManager: Shutting down and abandoning module GeometryCache (350)
[2018.10.03-12.34.12:739][493]LogModuleManager: Shutting down and abandoning module GeometryCacheEd (349)
[2018.10.03-12.34.12:739][493]LogModuleManager: Shutting down and abandoning module DatasmithContentEditor (344)
[2018.10.03-12.34.12:739][493]LogModuleManager: Shutting down and abandoning module DatasmithContent (342)
[2018.10.03-12.34.12:740][493]LogModuleManager: Shutting down and abandoning module SpeedTreeImporter (340)
[2018.10.03-12.34.12:741][493]LogModuleManager: Shutting down and abandoning module PluginBrowser (338)
[2018.10.03-12.34.12:741][493]LogModuleManager: Shutting down and abandoning module MobileLauncherProfileWizard (336)
[2018.10.03-12.34.12:742][493]LogModuleManager: Shutting down and abandoning module PolygonModeling (334)
[2018.10.03-12.34.12:742][493]LogModuleManager: Shutting down and abandoning module MeshEditor (332)
[2018.10.03-12.34.12:742][493]LogModuleManager: Shutting down and abandoning module EditorScriptingUtilities (330)
[2018.10.03-12.34.12:742][493]LogModuleManager: Shutting down and abandoning module CryptoKeysOpenSSL (328)
[2018.10.03-12.34.12:742][493]LogModuleManager: Shutting down and abandoning module CryptoKeys (326)
[2018.10.03-12.34.12:742][493]LogModuleManager: Shutting down and abandoning module VisualStudioSourceCodeAccess (324)
[2018.10.03-12.34.12:742][493]LogModuleManager: Shutting down and abandoning module VisualStudioCodeSourceCodeAccess (322)
[2018.10.03-12.34.12:742][493]LogModuleManager: Shutting down and abandoning module UObjectPlugin (320)
[2018.10.03-12.34.12:742][493]LogModuleManager: Shutting down and abandoning module SubversionSourceControl (318)
[2018.10.03-12.34.12:742][493]LogModuleManager: Shutting down and abandoning module PerforceSourceControl (316)
[2018.10.03-12.34.12:743][493]LogModuleManager: Shutting down and abandoning module GitSourceControl (314)
[2018.10.03-12.34.12:743][493]LogModuleManager: Shutting down and abandoning module SourceControl (313)
[2018.10.03-12.34.12:743][493]LogModuleManager: Shutting down and abandoning module CLionSourceCodeAccess (310)
[2018.10.03-12.34.12:743][493]LogModuleManager: Shutting down and abandoning module LightPropagationVolumeEditor (308)
[2018.10.03-12.34.12:743][493]LogModuleManager: Shutting down and abandoning module PaperTiledImporter (306)
[2018.10.03-12.34.12:743][493]LogModuleManager: Shutting down and abandoning module PaperSpriteSheetImporter (304)
[2018.10.03-12.34.12:743][493]LogModuleManager: Shutting down and abandoning module Paper2DEditor (302)
[2018.10.03-12.34.12:744][493]LogModuleManager: Shutting down and abandoning module MeshPaint (301)
[2018.10.03-12.34.12:744][493]LogModuleManager: Shutting down and abandoning module RuntimePhysXCooking (298)
[2018.10.03-12.34.12:744][493]LogModuleManager: Shutting down and abandoning module PhysXVehiclesEditor (296)
[2018.10.03-12.34.12:744][493]LogModuleManager: Shutting down and abandoning module PhysXVehicles (294)
[2018.10.03-12.34.12:744][493]LogModuleManager: Shutting down and abandoning module OculusEditor (292)
[2018.10.03-12.34.12:744][493]LogModuleManager: Shutting down and abandoning module LocationServicesBPLibrary (290)
[2018.10.03-12.34.12:744][493]LogModuleManager: Shutting down and abandoning module ImmediatePhysicsEditor (288)
[2018.10.03-12.34.12:744][493]LogModuleManager: Shutting down and abandoning module ImmediatePhysics (286)
[2018.10.03-12.34.12:744][493]LogModuleManager: Shutting down and abandoning module ActorSequence (284)
[2018.10.03-12.34.12:744][493]LogModuleManager: Shutting down and abandoning module UdpMessaging (282)
[2018.10.03-12.34.12:846][493]LogModuleManager: Shutting down and abandoning module TcpMessaging (280)
[2018.10.03-12.34.12:947][493]LogModuleManager: Shutting down and abandoning module MagicLeapAudio (278)
[2018.10.03-12.34.12:947][493]LogModuleManager: Shutting down and abandoning module GameplayTagsEditor (276)
[2018.10.03-12.34.12:947][493]LogModuleManager: Shutting down and abandoning module FacialAnimationEditor (274)
[2018.10.03-12.34.12:947][493]LogModuleManager: Shutting down and abandoning module FacialAnimation (272)
[2018.10.03-12.34.12:947][493]LogModuleManager: Shutting down and abandoning module DataValidation (270)
[2018.10.03-12.34.12:947][493]LogModuleManager: Shutting down and abandoning module AssetManagerEditor (268)
[2018.10.03-12.34.12:948][493]LogModuleManager: Shutting down and abandoning module LevelEditor (267)
[2018.10.03-12.34.12:948][493]LogModuleManager: Shutting down and abandoning module PixelInspectorModule (266)
[2018.10.03-12.34.12:948][493]LogModuleManager: Shutting down and abandoning module CommonMenuExtensions (264)
[2018.10.03-12.34.12:948][493]LogModuleManager: Shutting down and abandoning module MainFrame (262)
[2018.10.03-12.34.12:948][493]LogModuleManager: Shutting down and abandoning module HotReload (261)
[2018.10.03-12.34.12:949][493]LogModuleManager: Shutting down and abandoning module ContentBrowser (257)
[2018.10.03-12.34.12:950][493]LogModuleManager: Shutting down and abandoning module TreeMap (255)
[2018.10.03-12.34.12:950][493]LogModuleManager: Shutting down and abandoning module LightPropagationVolumeRuntime (252)
[2018.10.03-12.34.12:950][493]LogModuleManager: Shutting down and abandoning module AISupportModule (250)
[2018.10.03-12.34.12:950][493]LogModuleManager: Shutting down and abandoning module Paper2D (248)
[2018.10.03-12.34.12:950][493]LogModuleManager: Shutting down and abandoning module WindowsMoviePlayer (246)
[2018.10.03-12.34.12:950][493]LogModuleManager: Shutting down and abandoning module WmfMedia (244)
[2018.10.03-12.34.12:952][493]LogModuleManager: Shutting down and abandoning module Media (243)
[2018.10.03-12.34.12:958][493]LogModuleManager: Shutting down and abandoning module PacketHandler (240)
[2018.10.03-12.34.12:958][493]LogModuleManager: Shutting down and abandoning module ClothingSystemEditor (238)
[2018.10.03-12.34.12:958][493]LogModuleManager: Shutting down and abandoning module ClothingSystemRuntime (236)
[2018.10.03-12.34.12:958][493]LogModuleManager: Shutting down and abandoning module MediaAssets (234)
[2018.10.03-12.34.12:959][493]LogModuleManager: Shutting down and abandoning module Overlay (232)
[2018.10.03-12.34.12:959][493]LogModuleManager: Shutting down and abandoning module OverlayEditor (231)
[2018.10.03-12.34.12:959][493]LogModuleManager: Shutting down and abandoning module VREditor (228)
[2018.10.03-12.34.12:959][493]LogModuleManager: Shutting down and abandoning module StringTableEditor (226)
[2018.10.03-12.34.12:959][493]LogModuleManager: Shutting down and abandoning module GameplayTasksEditor (224)
[2018.10.03-12.34.12:959][493]LogModuleManager: Shutting down and abandoning module BehaviorTreeEditor (222)
[2018.10.03-12.34.12:960][493]LogModuleManager: Shutting down and abandoning module FunctionalTesting (220)
[2018.10.03-12.34.12:960][493]LogModuleManager: Shutting down and abandoning module CollisionAnalyzer (218)
[2018.10.03-12.34.12:960][493]LogModuleManager: Shutting down and abandoning module WorkspaceMenuStructure (217)
[2018.10.03-12.34.12:960][493]LogModuleManager: Shutting down and abandoning module UMG (214)
[2018.10.03-12.34.12:960][493]LogModuleManager: Shutting down and abandoning module UMGEditor (213)
[2018.10.03-12.34.12:961][493]LogModuleManager: Shutting down and abandoning module Sequencer (212)
[2018.10.03-12.34.12:962][493]LogModuleManager: Shutting down and abandoning module MessageLog (209)
[2018.10.03-12.34.12:962][493]LogModuleManager: Shutting down and abandoning module SlateReflector (204)
[2018.10.03-12.34.12:963][493]LogModuleManager: Shutting down and abandoning module Slate (202)
[2018.10.03-12.34.12:963][493]LogModuleManager: Shutting down and abandoning module EditorStyle (200)
[2018.10.03-12.34.12:964][493]LogModuleManager: Shutting down and abandoning module MRMesh (198)
[2018.10.03-12.34.12:964][493]LogModuleManager: Shutting down and abandoning module SourceCodeAccess (196)
[2018.10.03-12.34.12:964][493]LogModuleManager: Shutting down and abandoning module HeadMountedDisplay (194)
[2018.10.03-12.34.12:964][493]LogModuleManager: Shutting down and abandoning module XAudio2 (192)
[2018.10.03-12.34.12:965][493]LogModuleManager: Shutting down and abandoning module Networking (190)
[2018.10.03-12.34.12:965][493]LogModuleManager: Shutting down and abandoning module Core (188)
[2018.10.03-12.34.12:965][493]LogModuleManager: Shutting down and abandoning module LevelSequence (186)
[2018.10.03-12.34.12:965][493]LogModuleManager: Shutting down and abandoning module KismetCompiler (184)
[2018.10.03-12.34.12:965][493]LogModuleManager: Shutting down and abandoning module MeshUtilities (182)
[2018.10.03-12.34.12:965][493]LogModuleManager: Shutting down and abandoning module MeshMergeUtilities (181)
[2018.10.03-12.34.12:965][493]LogModuleManager: Shutting down and abandoning module MeshReductionInterface (180)
[2018.10.03-12.34.12:965][493]LogModuleManager: Shutting down and abandoning module SimplygonSwarm (179)
[2018.10.03-12.34.12:965][493]LogModuleManager: Shutting down and abandoning module ProxyLODMeshReduction (177)
[2018.10.03-12.34.12:966][493]LogModuleManager: Shutting down and abandoning module SimplygonMeshReduction (175)
[2018.10.03-12.34.12:966][493]LogModuleManager: Shutting down and abandoning module QuadricMeshReduction (173)
[2018.10.03-12.34.12:967][493]LogModuleManager: Shutting down and abandoning module MaterialBaking (169)
[2018.10.03-12.34.12:967][493]LogModuleManager: Shutting down and abandoning module DirectoryWatcher (165)
[2018.10.03-12.34.12:967][493]LogModuleManager: Shutting down and abandoning module DerivedDataCache (162)
[2018.10.03-12.34.12:979][493]LogDerivedDataCache: Shutdown
[2018.10.03-12.34.12:979][493]LogModuleManager: Shutting down and abandoning module XGEController (160)
[2018.10.03-12.34.12:979][493]LogXGEController: Cleaning working directory: C:/Users/harbe/AppData/Local/Temp/UnrealXGEWorkingDir/
[2018.10.03-12.34.12:979][493]LogModuleManager: Shutting down and abandoning module TargetPlatform (158)
[2018.10.03-12.34.12:979][493]LogModuleManager: Shutting down and abandoning module VulkanShaderFormat (157)
[2018.10.03-12.34.12:979][493]LogModuleManager: Shutting down and abandoning module ShaderFormatVectorVM (155)
[2018.10.03-12.34.12:979][493]LogModuleManager: Shutting down and abandoning module ShaderFormatOpenGL (153)
[2018.10.03-12.34.12:980][493]LogModuleManager: Shutting down and abandoning module ShaderFormatD3D (151)
[2018.10.03-12.34.12:980][493]LogModuleManager: Shutting down and abandoning module MetalShaderFormat (149)
[2018.10.03-12.34.12:980][493]LogModuleManager: Shutting down and abandoning module TextureFormatUncompressed (147)
[2018.10.03-12.34.12:980][493]LogModuleManager: Shutting down and abandoning module TextureFormatPVR (145)
[2018.10.03-12.34.12:980][493]LogModuleManager: Shutting down and abandoning module TextureFormatDXT (143)
[2018.10.03-12.34.12:980][493]LogModuleManager: Shutting down and abandoning module TextureFormatIntelISPCTexComp (141)
[2018.10.03-12.34.12:980][493]LogModuleManager: Shutting down and abandoning module TextureFormatASTC (139)
[2018.10.03-12.34.12:980][493]LogModuleManager: Shutting down and abandoning module ImageWrapper (138)
[2018.10.03-12.34.12:980][493]LogModuleManager: Shutting down and abandoning module TextureFormatAndroid (135)
[2018.10.03-12.34.12:980][493]LogModuleManager: Shutting down and abandoning module AudioFormatOpus (133)
[2018.10.03-12.34.12:981][493]LogModuleManager: Shutting down and abandoning module AudioFormatOgg (131)
[2018.10.03-12.34.12:981][493]LogModuleManager: Shutting down and abandoning module AudioFormatADPCM (129)
[2018.10.03-12.34.12:981][493]LogModuleManager: Shutting down and abandoning module LuminTargetPlatform (127)
[2018.10.03-12.34.12:981][493]LogModuleManager: Shutting down and abandoning module LinuxTargetPlatform (125)
[2018.10.03-12.34.12:981][493]LogModuleManager: Shutting down and abandoning module LinuxServerTargetPlatform (123)
[2018.10.03-12.34.12:981][493]LogModuleManager: Shutting down and abandoning module LinuxNoEditorTargetPlatform (121)
[2018.10.03-12.34.12:981][493]LogModuleManager: Shutting down and abandoning module LinuxClientTargetPlatform (119)
[2018.10.03-12.34.12:981][493]LogModuleManager: Shutting down and abandoning module TVOSTargetPlatform (117)
[2018.10.03-12.34.12:982][493]LogModuleManager: Shutting down and abandoning module Messaging (115)
[2018.10.03-12.34.12:982][493]LogModuleManager: Shutting down and abandoning module IOSTargetPlatform (113)
[2018.10.03-12.34.12:989][493]LogModuleManager: Shutting down and abandoning module HTML5TargetPlatform (111)
[2018.10.03-12.34.12:989][493]LogModuleManager: Shutting down and abandoning module AndroidTargetPlatform (109)
[2018.10.03-12.34.12:999][493]LogModuleManager: Shutting down and abandoning module WindowsTargetPlatform (107)
[2018.10.03-12.34.12:999][493]LogModuleManager: Shutting down and abandoning module WindowsServerTargetPlatform (105)
[2018.10.03-12.34.12:999][493]LogModuleManager: Shutting down and abandoning module WindowsNoEditorTargetPlatform (103)
[2018.10.03-12.34.12:999][493]LogModuleManager: Shutting down and abandoning module WindowsClientTargetPlatform (101)
[2018.10.03-12.34.12:999][493]LogModuleManager: Shutting down and abandoning module MacTargetPlatform (99)
[2018.10.03-12.34.12:999][493]LogModuleManager: Shutting down and abandoning module MacServerTargetPlatform (97)
[2018.10.03-12.34.12:999][493]LogModuleManager: Shutting down and abandoning module MacNoEditorTargetPlatform (95)
[2018.10.03-12.34.12:999][493]LogModuleManager: Shutting down and abandoning module MacClientTargetPlatform (93)
[2018.10.03-12.34.12:999][493]LogModuleManager: Shutting down and abandoning module AllDesktopTargetPlatform (91)
[2018.10.03-12.34.12:999][493]LogModuleManager: Shutting down and abandoning module InputCore (88)
[2018.10.03-12.34.12:999][493]LogModuleManager: Shutting down and abandoning module Settings (86)
[2018.10.03-12.34.12:999][493]LogModuleManager: Shutting down and abandoning module PhysXCooking (84)
[2018.10.03-12.34.12:999][493]LogModuleManager: Shutting down and abandoning module SteamVR (82)
[2018.10.03-12.34.12:999][493]LogModuleManager: Shutting down and abandoning module OculusHMD (80)
[2018.10.03-12.34.12:999][493]LogModuleManager: Shutting down and abandoning module ExampleDeviceProfileSelector (78)
[2018.10.03-12.34.13:000][493]LogModuleManager: Shutting down and abandoning module LauncherChunkInstaller (76)
[2018.10.03-12.34.13:000][493]LogModuleManager: Shutting down and abandoning module OnlineBlueprintSupport (74)
[2018.10.03-12.34.13:000][493]LogModuleManager: Shutting down and abandoning module OnlineSubsystem (70)
[2018.10.03-12.34.13:001][493]LogModuleManager: Shutting down and abandoning module XMPP (65)
[2018.10.03-12.34.13:001][493]LogModuleManager: Shutting down and abandoning module WebSockets (64)
[2018.10.03-12.34.13:009][493]LogModuleManager: Shutting down and abandoning module HTTP (61)
[2018.10.03-12.34.13:009][493]LogHttp: Display: Http module shutting down, but needs to wait on 1 outstanding Http requests:
[2018.10.03-12.34.13:009][493]LogHttp: Display: 	verb=[POST] url=[https://datarouter.ol.epicgames.com/datarouter/api/v1/public/data?SessionID=%7B66E888FA-4E1F-815A-5A68-339DB25097CC%7D&AppID=UEEditor.Rocket.Release&AppVersion=4.20.3-4369336%2B%2B%2BUE4%2BRelease-4.20&UserID=c4884f364e77c3de2c05b6ba0fa20f27%7C4b7d61a5509a453f8970579aea2b83af%7C6be2f732-1b35-4a16-8933-615377d6988b&AppEnvironment=datacollector-binary&UploadType=eteventstream] status=Processing
[2018.10.03-12.34.13:041][493]LogModuleManager: Shutting down and abandoning module SSL (60)
[2018.10.03-12.34.13:043][493]LogModuleManager: Shutting down and abandoning module MagicLeapEmulator (56)
[2018.10.03-12.34.13:043][493]LogModuleManager: Shutting down and abandoning module MagicLeapPrivileges (54)
[2018.10.03-12.34.13:043][493]LogModuleManager: Shutting down and abandoning module MagicLeapIdentity (52)
[2018.10.03-12.34.13:043][493]LogModuleManager: Shutting down and abandoning module MagicLeapHelperVulkan (50)
[2018.10.03-12.34.13:043][493]LogModuleManager: Shutting down and abandoning module MagicLeapHelperOpenGL (48)
[2018.10.03-12.34.13:044][493]LogModuleManager: Shutting down and abandoning module MagicLeapSecureStorage (46)
[2018.10.03-12.34.13:044][493]LogModuleManager: Shutting down and abandoning module MagicLeapGestures (44)
[2018.10.03-12.34.13:044][493]LogModuleManager: Shutting down and abandoning module MagicLeapEyeTracker (42)
[2018.10.03-12.34.13:044][493]LogModuleManager: Shutting down and abandoning module MagicLeapController (40)
[2018.10.03-12.34.13:044][493]LogSlate: Slate User Destroyed.  User Index 0, Is Virtual User: 0
[2018.10.03-12.34.13:044][493]LogModuleManager: Shutting down and abandoning module MagicLeap (38)
[2018.10.03-12.34.13:044][493]LogModuleManager: Shutting down and abandoning module AnimationModifiers (36)
[2018.10.03-12.34.13:045][493]LogModuleManager: Shutting down and abandoning module PropertyEditor (35)
[2018.10.03-12.34.13:045][493]LogModuleManager: Shutting down and abandoning module AudioEditor (32)
[2018.10.03-12.34.13:045][493]LogModuleManager: Shutting down and abandoning module TextureCompressor (30)
[2018.10.03-12.34.13:046][493]LogModuleManager: Shutting down and abandoning module ShaderCore (28)
[2018.10.03-12.34.13:046][493]LogModuleManager: Shutting down and abandoning module Landscape (26)
[2018.10.03-12.34.13:046][493]LogModuleManager: Shutting down and abandoning module SlateRHIRenderer (24)
[2018.10.03-12.34.13:049][493]LogModuleManager: Shutting down and abandoning module OpenGLDrv (22)
[2018.10.03-12.34.13:050][493]LogModuleManager: Shutting down and abandoning module D3D11RHI (20)
[2018.10.03-12.34.13:050][493]LogModuleManager: Shutting down and abandoning module AnimGraphRuntime (18)
[2018.10.03-12.34.13:050][493]LogModuleManager: Shutting down and abandoning module Renderer (16)
[2018.10.03-12.34.13:050][493]LogModuleManager: Shutting down and abandoning module Engine (14)
[2018.10.03-12.34.13:050][493]LogModuleManager: Shutting down and abandoning module CoreUObject (12)
[2018.10.03-12.34.13:050][493]LogModuleManager: Shutting down and abandoning module NetworkFile (10)
[2018.10.03-12.34.13:050][493]LogModuleManager: Shutting down and abandoning module CookedIterativeFile (8)
[2018.10.03-12.34.13:050][493]LogModuleManager: Shutting down and abandoning module StreamingFile (6)
[2018.10.03-12.34.13:050][493]LogModuleManager: Shutting down and abandoning module SandboxFile (4)
[2018.10.03-12.34.13:050][493]LogModuleManager: Shutting down and abandoning module PakFile (2)
[2018.10.03-12.34.13:057][493]LogExit: Exiting.
[2018.10.03-12.34.13:062][493]Log file closed, 10/03/18 21:34:13
