Log file open, 10/08/18 16:01:42
LogWindows: Failed to load 'aqProf.dll' (GetLastError=126)
LogWindows: File 'aqProf.dll' does not exist
LogWindows: Failed to load 'VSPerf140.dll' (GetLastError=126)
LogWindows: File 'VSPerf140.dll' does not exist
LogWindows: Failed to load 'VtuneApi.dll' (GetLastError=126)
LogWindows: File 'VtuneApi.dll' does not exist
LogWindows: Failed to load 'VtuneApi32e.dll' (GetLastError=126)
LogWindows: File 'VtuneApi32e.dll' does not exist
LogInit: Display: Running engine for game: TPE
LogPlatformFile: Not using cached read wrapper
LogTaskGraph: Started task graph with 5 named threads and 14 total threads with 3 sets of task threads.
LogStats: Stats thread started at 0.305089
LogD3D11RHI: Loaded GFSDK_Aftermath_Lib.x64.dll
LogICUInternationalization: Display: ICU TimeZone Detection - Raw Offset: +9:00, Platform Override: ''
LogPluginManager: Mounting plugin Paper2D
LogPluginManager: Mounting plugin AISupport
LogPluginManager: Mounting plugin LightPropagationVolume
LogPluginManager: Mounting plugin CLionSourceCodeAccess
LogPluginManager: Mounting plugin CodeLiteSourceCodeAccess
LogPluginManager: Mounting plugin GitSourceControl
LogPluginManager: Mounting plugin KDevelopSourceCodeAccess
LogPluginManager: Mounting plugin NullSourceCodeAccess
LogPluginManager: Mounting plugin PerforceSourceControl
LogPluginManager: Mounting plugin SubversionSourceControl
LogPluginManager: Mounting plugin UObjectPlugin
LogPluginManager: Mounting plugin VisualStudioCodeSourceCodeAccess
LogPluginManager: Mounting plugin VisualStudioSourceCodeAccess
LogPluginManager: Mounting plugin XCodeSourceCodeAccess
LogPluginManager: Mounting plugin AssetManagerEditor
LogPluginManager: Mounting plugin CryptoKeys
LogPluginManager: Mounting plugin DataValidation
LogPluginManager: Mounting plugin EditorScriptingUtilities
LogPluginManager: Mounting plugin FacialAnimation
LogPluginManager: Mounting plugin GameplayTagsEditor
LogPluginManager: Mounting plugin MacGraphicsSwitching
LogPluginManager: Mounting plugin MeshEditor
LogPluginManager: Mounting plugin MobileLauncherProfileWizard
LogPluginManager: Mounting plugin PluginBrowser
LogPluginManager: Mounting plugin SpeedTreeImporter
LogPluginManager: Mounting plugin DatasmithContent
LogPluginManager: Mounting plugin AlembicImporter
LogPluginManager: Mounting plugin AppleImageUtils
LogPluginManager: Mounting plugin AppleVision
LogPluginManager: Mounting plugin BackChannel
LogPluginManager: Mounting plugin CharacterAI
LogPluginManager: Mounting plugin GeometryCache
LogPluginManager: Mounting plugin HTML5Networking
LogPluginManager: Mounting plugin ProxyLODPlugin
LogPluginManager: Mounting plugin MagicLeap
LogPluginManager: Mounting plugin MagicLeapEmulator
LogPluginManager: Mounting plugin MagicLeapMedia
LogPluginManager: Mounting plugin AndroidMedia
LogPluginManager: Mounting plugin AvfMedia
LogPluginManager: Mounting plugin ImgMedia
LogPluginManager: Mounting plugin LinearTimecode
LogPluginManager: Mounting plugin MediaCompositing
LogPluginManager: Mounting plugin MediaPlayerEditor
LogPluginManager: Mounting plugin WmfMedia
LogPluginManager: Mounting plugin TcpMessaging
LogPluginManager: Mounting plugin UdpMessaging
LogPluginManager: Mounting plugin ActorSequence
LogPluginManager: Mounting plugin LevelSequenceEditor
LogPluginManager: Mounting plugin MatineeToLevelSequence
LogPluginManager: Mounting plugin NetcodeUnitTest
LogPluginManager: Mounting plugin NUTUnrealEngine4
LogPluginManager: Mounting plugin OnlineSubsystemGooglePlay
LogPluginManager: Mounting plugin OnlineSubsystemIOS
LogPluginManager: Mounting plugin OnlineSubsystem
LogPluginManager: Mounting plugin OnlineSubsystemNull
LogPluginManager: Mounting plugin OnlineSubsystemUtils
LogPluginManager: Mounting plugin LauncherChunkInstaller
LogPluginManager: Mounting plugin AndroidDeviceProfileSelector
LogPluginManager: Mounting plugin AndroidMoviePlayer
LogPluginManager: Mounting plugin AndroidPermission
LogPluginManager: Mounting plugin AppleMoviePlayer
LogPluginManager: Mounting plugin ArchVisCharacter
LogPluginManager: Mounting plugin AudioCapture
LogPluginManager: Mounting plugin CableComponent
LogPluginManager: Mounting plugin CustomMeshComponent
LogPluginManager: Mounting plugin EditableMesh
LogPluginManager: Mounting plugin ExampleDeviceProfileSelector
LogPluginManager: Mounting plugin GoogleCloudMessaging
LogPluginManager: Mounting plugin ImmediatePhysics
LogPluginManager: Mounting plugin IOSDeviceProfileSelector
LogPluginManager: Mounting plugin LinuxDeviceProfileSelector
LogPluginManager: Mounting plugin LocationServicesBPLibrary
LogPluginManager: Mounting plugin MobilePatchingUtils
LogPluginManager: Mounting plugin OculusVR
LogPluginManager: Plugin shader directory ../../../Engine/Plugins/Runtime/Oculus/OculusVR/Shaders found
LogPluginManager: Mapping shader source directory ../../../Engine/Plugins/Runtime/Oculus/OculusVR/Shaders to virtual directory /Plugin/OculusVR
LogPluginManager: Mounting plugin PhysXVehicles
LogPluginManager: Mounting plugin ProceduralMeshComponent
LogPluginManager: Mounting plugin RuntimePhysXCooking
LogPluginManager: Mounting plugin SteamVR
LogPluginManager: Mounting plugin WindowsMoviePlayer
LogPluginManager: Mounting plugin DatasmithCADImporter
LogPluginManager: Mounting plugin DatasmithFBXImporter
LogPluginManager: Mounting plugin DatasmithImporter
LogPluginManager: Mounting plugin DatasmithMDLImporter
LogPluginManager: Mounting plugin StaticMeshEditorExtension
LogStreaming: Display: Took  0.189s to configure plugins.
LogInit: Using libcurl 7.55.1-DEV
LogInit:  - built for x86_64-pc-win32
LogInit:  - supports SSL with OpenSSL/1.0.2h
LogInit:  - supports HTTP deflate (compression) using libz 1.2.8
LogInit:  - other features:
LogInit:      CURL_VERSION_SSL
LogInit:      CURL_VERSION_LIBZ
LogInit:      CURL_VERSION_IPV6
LogInit:      CURL_VERSION_ASYNCHDNS
LogInit:      CURL_VERSION_LARGEFILE
LogInit:      CURL_VERSION_IDN
LogInit:  CurlRequestOptions (configurable via config and command line):
LogInit:  - bVerifyPeer = false  - Libcurl will NOT verify peer certificate
LogInit:  - bUseHttpProxy = false  - Libcurl will NOT use HTTP proxy
LogInit:  - bDontReuseConnections = false  - Libcurl will reuse connections
LogInit:  - CertBundlePath = nullptr  - Libcurl will use whatever was configured at build time.
LogInit:  - MaxHostConnections = 16  - Libcurl will limit the number of connections to a host
LogInit:  - LocalHostAddr = Default
LogInit:  - BufferSize = 65536
LogInit: WinSock: version 1.1 (2.2), MaxSocks=32767, MaxUdp=65467
LogInit: Build: ++UE4+Release-4.20-CL-4369336
LogInit: Engine Version: 4.20.3-4369336+++UE4+Release-4.20
LogInit: Compatible Engine Version: 4.20.0-4212847+++UE4+Release-4.20
LogInit: Net CL: 4212847
LogInit: OS: Windows 10 (), CPU: Intel(R) Core(TM) i5-4690 CPU @ 3.50GHz, GPU: NVIDIA GeForce GTX 960
LogInit: Compiled (64-bit): Sep 17 2018 12:26:19
LogInit: Compiled with Visual C++: 19.13.26129.00
LogInit: Build Configuration: Development
LogInit: Branch Name: ++UE4+Release-4.20
LogInit: Command Line:  
LogInit: Base Directory: C:/Program Files/Epic Games/UE_4.20/Engine/Binaries/Win64/
LogInit: Installed Engine Build: 1
LogDevObjectVersion: Number of dev versions registered: 20
LogDevObjectVersion:   Dev-Blueprints (B0D832E4-1F89-4F0D-ACCF-7EB736FD4AA2): 10
LogDevObjectVersion:   Dev-Build (E1C64328-A22C-4D53-A36C-8E866417BD8C): 0
LogDevObjectVersion:   Dev-Core (375EC13C-06E4-48FB-B500-84F0262A717E): 2
LogDevObjectVersion:   Dev-Editor (E4B068ED-F494-42E9-A231-DA0B2E46BB41): 24
LogDevObjectVersion:   Dev-Framework (CFFC743F-43B0-4480-9391-14DF171D2073): 34
LogDevObjectVersion:   Dev-Mobile (B02B49B5-BB20-44E9-A304-32B752E40360): 2
LogDevObjectVersion:   Dev-Networking (A4E4105C-59A1-49B5-A7C5-40C4547EDFEE): 0
LogDevObjectVersion:   Dev-Online (39C831C9-5AE6-47DC-9A44-9C173E1C8E7C): 0
LogDevObjectVersion:   Dev-Physics (78F01B33-EBEA-4F98-B9B4-84EACCB95AA2): 0
LogDevObjectVersion:   Dev-Platform (6631380F-2D4D-43E0-8009-CF276956A95A): 0
LogDevObjectVersion:   Dev-Rendering (12F88B9F-8875-4AFC-A67C-D90C383ABD29): 26
LogDevObjectVersion:   Dev-Sequencer (7B5AE74C-D270-4C10-A958-57980B212A5A): 9
LogDevObjectVersion:   Dev-VR (D7296918-1DD6-4BDD-9DE2-64A83CC13884): 2
LogDevObjectVersion:   Dev-LoadTimes (C2A15278-BFE7-4AFE-6C17-90FF531DF755): 1
LogDevObjectVersion:   Private-Geometry (6EACA3D4-40EC-4CC1-B786-8BED09428FC5): 3
LogDevObjectVersion:   Dev-AnimPhys (29E575DD-E0A3-4627-9D10-D276232CDCEA): 17
LogDevObjectVersion:   Dev-ReflectionCapture (6B266CEC-1EC7-4B8F-A30B-E4D90942FC07): 1
LogDevObjectVersion:   Dev-Automation (0DF73D61-A23F-47EA-B727-89E90C41499A): 1
LogDevObjectVersion:   FortniteMain (601D1886-AC64-4F84-AA16-D3DE0DEAC7D6): 12
LogDevObjectVersion:   Dev-Enterprise (9DFFBCD6-494F-0158-E221-12823C92A888): 1
LogStreaming: Display: Took  0.003s to delete old logs.
LogInit: Presizing for max 8388607 objects, including 0 objects not considered by GC, pre-allocating 0 bytes for permanent pool.
LogInit: Object subsystem initialized
[2018.10.08-07.01.43:539][  0]LogInit: Selected Device Profile: [Windows]
[2018.10.08-07.01.43:539][  0]LogInit: Applying CVar settings loaded from the selected device profile: [Windows]
[2018.10.08-07.01.43:565][  0]LogHAL: Display: Platform has ~ 16 GB [17115250688 / 17179869184 / 16], which maps to Larger [LargestMinGB=32, LargerMinGB=12, DefaultMinGB=8, SmallerMinGB=6, SmallestMinGB=0)
[2018.10.08-07.01.43:567][  0]LogInit: Setting Device Profile CVar: [[r.Vulkan.UseRealUBs:1]]
[2018.10.08-07.01.43:567][  0]LogInit: Going up to parent DeviceProfile []
[2018.10.08-07.01.43:576][  0]LogInit: Computer: DESKTOP-ERVROJM
[2018.10.08-07.01.43:576][  0]LogInit: User: harbe
[2018.10.08-07.01.43:576][  0]LogInit: CPU Page size=4096, Cores=4
[2018.10.08-07.01.43:576][  0]LogInit: High frequency timer resolution =3.416982 MHz
[2018.10.08-07.01.43:576][  0]LogMemory: Memory total: Physical=15.9GB (16GB approx)
[2018.10.08-07.01.43:576][  0]LogMemory: Platform Memory Stats for Windows
[2018.10.08-07.01.43:576][  0]LogMemory: Process Physical Memory: 100.89 MB used, 100.89 MB peak
[2018.10.08-07.01.43:576][  0]LogMemory: Process Virtual Memory: 92.29 MB used, 92.29 MB peak
[2018.10.08-07.01.43:576][  0]LogMemory: Physical Memory: 2980.62 MB used,  13341.75 MB free, 16322.38 MB total
[2018.10.08-07.01.43:576][  0]LogMemory: Virtual Memory: 4633.10 MB used,  13341.75 MB free, 134217728.00 MB total
[2018.10.08-07.01.43:823][  0]LogInit: Using OS detected language (ko-KR).
[2018.10.08-07.01.43:823][  0]LogInit: Using OS detected locale (ko-KR).
[2018.10.08-07.01.43:826][  0]LogTextLocalizationManager: No specific localization for 'ko-KR' exists, so the 'ko' localization will be used.
[2018.10.08-07.01.44:286][  0]LogStreaming: Display: Took  0.464s to InitEngineTextLocalization.
[2018.10.08-07.01.44:287][  0]LogInit: Setting process to per monitor DPI aware
[2018.10.08-07.01.44:420][  0]LogSlate: New Slate User Created.  User Index 0, Is Virtual User: 0
[2018.10.08-07.01.44:420][  0]LogSlate: Slate User Registered.  User Index 0, Is Virtual User: 0
[2018.10.08-07.01.47:028][  0]LogHMD: Failed to initialize OpenVR with code 110
[2018.10.08-07.01.47:028][  0]LogD3D11RHI: D3D11 adapters:
[2018.10.08-07.01.47:229][  0]LogD3D11RHI:    0. 'NVIDIA GeForce GTX 960' (Feature Level 11_0)
[2018.10.08-07.01.47:229][  0]LogD3D11RHI:       2007/0/8161 MB DedicatedVideo/DedicatedSystem/SharedSystem, Outputs:2, VendorId:0x10de
[2018.10.08-07.01.47:247][  0]LogD3D11RHI:    1. 'Microsoft Basic Render Driver' (Feature Level 11_0)
[2018.10.08-07.01.47:247][  0]LogD3D11RHI:       0/0/8161 MB DedicatedVideo/DedicatedSystem/SharedSystem, Outputs:0, VendorId:0x1414
[2018.10.08-07.01.47:247][  0]LogD3D11RHI: Chosen D3D11 Adapter: 0
[2018.10.08-07.01.47:253][  0]LogD3D11RHI: Creating new Direct3DDevice
[2018.10.08-07.01.47:253][  0]LogD3D11RHI:     GPU DeviceId: 0x1401 (for the marketing name, search the web for "GPU Device Id")
[2018.10.08-07.01.47:254][  0]LogWindows: EnumDisplayDevices:
[2018.10.08-07.01.47:254][  0]LogWindows:    0. 'NVIDIA GeForce GTX 960' (P:1 D:1)
[2018.10.08-07.01.47:254][  0]LogWindows:    1. 'NVIDIA GeForce GTX 960' (P:0 D:1)
[2018.10.08-07.01.47:255][  0]LogWindows:    2. 'NVIDIA GeForce GTX 960' (P:0 D:0)
[2018.10.08-07.01.47:255][  0]LogWindows:    3. 'NVIDIA GeForce GTX 960' (P:0 D:0)
[2018.10.08-07.01.47:255][  0]LogWindows: DebugString: FoundDriverCount:4 
[2018.10.08-07.01.47:255][  0]LogD3D11RHI:     Adapter Name: NVIDIA GeForce GTX 960
[2018.10.08-07.01.47:255][  0]LogD3D11RHI:   Driver Version: 399.07 (internal:24.21.13.9907, unified:399.07)
[2018.10.08-07.01.47:256][  0]LogD3D11RHI:      Driver Date: 8-21-2018
[2018.10.08-07.01.47:256][  0]LogRHI: Texture pool is 1405 MB (70% of 2007 MB)
[2018.10.08-07.01.47:300][  0]LogD3D11RHI: Async texture creation enabled
[2018.10.08-07.01.47:333][  0]LogD3D11RHI: GPU Timing Frequency: 1000.000000 (Debug: 2 2)
[2018.10.08-07.01.47:428][  0]LogShaderCompilers: Guid format shader working directory is 5 characters bigger than the processId version (../../../../../../Users/harbe/Desktop/TPE/Intermediate/Shaders/WorkingDirectory/6496/).
[2018.10.08-07.01.47:429][  0]LogShaderCompilers: Cleaned the shader compiler working directory 'C:/Users/harbe/AppData/Local/Temp/UnrealShaderWorkingDir/FA1355B7406FC8AFD94CA39C1B7867AE/'.
[2018.10.08-07.01.48:250][  0]LogTemp: Display: Loaded TP AllDesktopTargetPlatform
[2018.10.08-07.01.48:279][  0]LogTemp: Display: Loaded TP MacClientTargetPlatform
[2018.10.08-07.01.48:307][  0]LogTemp: Display: Loaded TP MacNoEditorTargetPlatform
[2018.10.08-07.01.48:334][  0]LogTemp: Display: Loaded TP MacServerTargetPlatform
[2018.10.08-07.01.48:372][  0]LogTemp: Display: Loaded TP MacTargetPlatform
[2018.10.08-07.01.48:403][  0]LogTemp: Display: Loaded TP WindowsClientTargetPlatform
[2018.10.08-07.01.48:430][  0]LogTemp: Display: Loaded TP WindowsNoEditorTargetPlatform
[2018.10.08-07.01.48:458][  0]LogTemp: Display: Loaded TP WindowsServerTargetPlatform
[2018.10.08-07.01.48:479][  0]LogTemp: Display: Loaded TP WindowsTargetPlatform
[2018.10.08-07.01.48:586][  0]LogTemp: Display: Loaded TP AndroidTargetPlatform
[2018.10.08-07.01.48:586][  0]LogTemp: Display: Loaded TP AndroidTargetPlatform
[2018.10.08-07.01.48:586][  0]LogTemp: Display: Loaded TP AndroidTargetPlatform
[2018.10.08-07.01.48:586][  0]LogTemp: Display: Loaded TP AndroidTargetPlatform
[2018.10.08-07.01.48:586][  0]LogTemp: Display: Loaded TP AndroidTargetPlatform
[2018.10.08-07.01.48:586][  0]LogTemp: Display: Loaded TP AndroidTargetPlatform
[2018.10.08-07.01.48:586][  0]LogTemp: Display: Loaded TP AndroidTargetPlatform
[2018.10.08-07.01.48:586][  0]LogTemp: Display: Loaded TP AndroidTargetPlatform
[2018.10.08-07.01.48:586][  0]LogTemp: Display: Loaded TP AndroidTargetPlatform
[2018.10.08-07.01.48:586][  0]LogTemp: Display: Loaded TP AndroidTargetPlatform
[2018.10.08-07.01.48:586][  0]LogTemp: Display: Loaded TP AndroidTargetPlatform
[2018.10.08-07.01.48:586][  0]LogTemp: Display: Loaded TP AndroidTargetPlatform
[2018.10.08-07.01.48:586][  0]LogTemp: Display: Loaded TP AndroidTargetPlatform
[2018.10.08-07.01.48:586][  0]LogTemp: Display: Loaded TP AndroidTargetPlatform
[2018.10.08-07.01.48:586][  0]LogTemp: Display: Loaded TP AndroidTargetPlatform
[2018.10.08-07.01.48:586][  0]LogTemp: Display: Loaded TP AndroidTargetPlatform
[2018.10.08-07.01.48:586][  0]LogTemp: Display: Loaded TP AndroidTargetPlatform
[2018.10.08-07.01.48:586][  0]LogTemp: Display: Loaded TP AndroidTargetPlatform
[2018.10.08-07.01.48:604][  0]LogTemp: Display: Loaded TP HTML5TargetPlatform
[2018.10.08-07.01.48:716][  0]LogTemp: Display: Loaded TP IOSTargetPlatform
[2018.10.08-07.01.48:716][  0]LogTemp: Display: Loaded TP IOSTargetPlatform
[2018.10.08-07.01.48:754][  0]LogTemp: Display: Loaded TP TVOSTargetPlatform
[2018.10.08-07.01.48:754][  0]LogTemp: Display: Loaded TP TVOSTargetPlatform
[2018.10.08-07.01.48:781][  0]LogTemp: Display: Loaded TP LinuxClientTargetPlatform
[2018.10.08-07.01.48:807][  0]LogTemp: Display: Loaded TP LinuxNoEditorTargetPlatform
[2018.10.08-07.01.48:837][  0]LogTemp: Display: Loaded TP LinuxServerTargetPlatform
[2018.10.08-07.01.48:871][  0]LogTemp: Display: Loaded TP LinuxTargetPlatform
[2018.10.08-07.01.48:893][  0]LogTemp: Display: Loaded TP LuminTargetPlatform
[2018.10.08-07.01.48:894][  0]LogTargetPlatformManager: Display: Building Assets For Windows
[2018.10.08-07.01.49:313][  0]LogXGEController: Cleaning working directory: C:/Users/harbe/AppData/Local/Temp/UnrealXGEWorkingDir/
[2018.10.08-07.01.49:313][  0]LogXGEController: Cannot use XGE Controller as Incredibuild is not installed on this machine.
[2018.10.08-07.01.49:313][  0]LogShaderCompilers: Cannot use XGE Shader Compiler as Incredibuild is not installed on this machine.
[2018.10.08-07.01.49:313][  0]LogShaderCompilers: Display: Using Local Shader Compiler.
[2018.10.08-07.01.51:562][  0]LogDerivedDataCache: Display: Max Cache Size: 512 MB
[2018.10.08-07.01.51:989][  0]LogDerivedDataCache: Loaded boot cache 0.43s 89MB C:/Users/harbe/AppData/Local/UnrealEngine/4.20/DerivedDataCache/Boot.ddc.
[2018.10.08-07.01.51:989][  0]LogDerivedDataCache: Display: Loaded Boot cache: C:/Users/harbe/AppData/Local/UnrealEngine/4.20/DerivedDataCache/Boot.ddc
[2018.10.08-07.01.51:989][  0]LogDerivedDataCache: FDerivedDataBackendGraph:  Pak pak cache file ../../../../../../Users/harbe/Desktop/TPE/DerivedDataCache/DDC.ddp not found, will not use a pak cache.
[2018.10.08-07.01.51:989][  0]LogDerivedDataCache: Unable to find inner node Pak for hierarchical cache Hierarchy.
[2018.10.08-07.01.51:989][  0]LogDerivedDataCache: FDerivedDataBackendGraph:  CompressedPak pak cache file ../../../../../../Users/harbe/Desktop/TPE/DerivedDataCache/Compressed.ddp not found, will not use a pak cache.
[2018.10.08-07.01.51:989][  0]LogDerivedDataCache: Unable to find inner node CompressedPak for hierarchical cache Hierarchy.
[2018.10.08-07.01.52:021][  0]LogDerivedDataCache: Display: Pak cache opened for reading ../../../Engine/DerivedDataCache/Compressed.ddp.
[2018.10.08-07.01.52:034][  0]LogDerivedDataCache: Using Local data cache path C:/Users/harbe/AppData/Local/UnrealEngine/Common/DerivedDataCache: Writable
[2018.10.08-07.01.52:034][  0]LogDerivedDataCache: Shared data cache path not found in *engine.ini, will not use an Shared cache.
[2018.10.08-07.01.52:034][  0]LogDerivedDataCache: Unable to find inner node Shared for hierarchical cache Hierarchy.
[2018.10.08-07.01.52:060][  0]LogMaterial: Verifying Global Shaders for PCD3D_SM5
[2018.10.08-07.01.52:068][  0]LogSlate: Using FreeType 2.6.0
[2018.10.08-07.01.52:086][  0]LogSlate: SlateFontServices - WITH_FREETYPE: 1, WITH_HARFBUZZ: 1
[2018.10.08-07.01.52:482][  0]LogAssetRegistry: FAssetRegistry took 0.0301 seconds to start up
[2018.10.08-07.01.53:038][  0]LogInit: Selected Device Profile: [Windows]
[2018.10.08-07.01.53:354][  0]LogSimplygon: Simplygon DLL not present - disabling.
[2018.10.08-07.01.53:435][  0]LogMeshReduction: Using SimplygonSwarm for distributed automatic mesh merging
[2018.10.08-07.01.53:435][  0]LogMeshReduction: Using ProxyLODMeshReduction for automatic mesh merging
[2018.10.08-07.01.53:436][  0]LogMeshReduction: Using QuadricMeshReduction for automatic static mesh reduction
[2018.10.08-07.01.53:436][  0]LogMeshReduction: No automatic skeletal mesh reduction module available
[2018.10.08-07.01.53:619][  0]LogNetVersion: TPE 1.0.0, NetCL: 4212847, EngineNetVer: 5, GameNetVer: 0 (Checksum: 3553090781)
[2018.10.08-07.01.55:143][  0]LogPackageLocalizationCache: Processed 13 localized package path(s) for 2 prioritized culture(s) in 0.176316 seconds
[2018.10.08-07.01.55:152][  0]LogUObjectArray: 38425 objects as part of root set at end of initial load.
[2018.10.08-07.01.55:152][  0]LogUObjectAllocator: 6690864 out of 0 bytes used by permanent object pool.
[2018.10.08-07.01.55:152][  0]LogUObjectArray: CloseDisregardForGC: 0/0 objects in disregard for GC pool
[2018.10.08-07.01.59:792][  0]LogTcpMessaging: Initializing TcpMessaging bridge
[2018.10.08-07.01.59:828][  0]LogUdpMessaging: Initializing bridge on interface 0.0.0.0:0 to multicast group 230.0.0.1:6666.
[2018.10.08-07.02.00:411][  0]SourceControl: 소스 컨트롤이 꺼졌습니다.
[2018.10.08-07.02.00:412][  0]SourceControl: 소스 컨트롤이 꺼졌습니다.
[2018.10.08-07.02.00:439][  0]SourceControl: 소스 컨트롤이 꺼졌습니다.
[2018.10.08-07.02.00:456][  0]SourceControl: 소스 컨트롤이 꺼졌습니다.
[2018.10.08-07.02.01:206][  0]LogAndroidPermission: UAndroidPermissionCallbackProxy::GetInstance
[2018.10.08-07.02.01:363][  0]LogOcInput: OculusInput pre-init called
[2018.10.08-07.02.04:569][  0]LogEngine: Initializing Engine...
[2018.10.08-07.02.04:571][  0]LogHMD: Failed to initialize OpenVR with code 110
[2018.10.08-07.02.04:575][  0]LogStats: UGameplayTagsManager::ConstructGameplayTagTree: ImportINI prefixes -  0.000 s
[2018.10.08-07.02.04:575][  0]LogStats: UGameplayTagsManager::ConstructGameplayTagTree: Construct from data asset -  0.000 s
[2018.10.08-07.02.04:575][  0]LogStats: UGameplayTagsManager::ConstructGameplayTagTree: ImportINI -  0.000 s
[2018.10.08-07.02.04:575][  0]LogStats: UGameplayTagsManager::ConstructGameplayTagTree: GameplayTagTreeChangedEvent.Broadcast -  0.000 s
[2018.10.08-07.02.04:997][  0]LogInit: Initializing FReadOnlyCVARCache
[2018.10.08-07.02.05:049][  0]LogAIModule: Creating AISystem for world Untitled
[2018.10.08-07.02.05:078][  0]LogInit: XAudio2 using 'N2413 ADS LED(NVIDIA High Definition Audio)' : 2 channels at 48 kHz using 16 bits per sample (channel mask 0x3)
[2018.10.08-07.02.05:102][  0]LogInit: FAudioDevice initialized.
[2018.10.08-07.02.05:102][  0]LogNetVersion: Set ProjectVersion to 1.0.0.0. Version Checksum will be recalculated on next use.
[2018.10.08-07.02.05:181][  0]LogDerivedDataCache: Saved boot cache 0.08s 89MB C:/Users/harbe/AppData/Local/UnrealEngine/4.20/DerivedDataCache/Boot.ddc.
[2018.10.08-07.02.05:192][  0]LogInit: Texture streaming: Enabled
[2018.10.08-07.02.05:266][  0]LogEngineSessionManager: EngineSessionManager initialized
[2018.10.08-07.02.05:302][  0]LogInit: Transaction tracking system initialized
[2018.10.08-07.02.05:419][  0]BlueprintLog: New page: 에디터 로드
[2018.10.08-07.02.05:944][  0]LocalizationService: 현지화 서비스가 비활성화되었습니다.
[2018.10.08-07.02.06:906][  0]LogCook: Display: Max memory allowance for cook 16384mb min free memory 0mb
[2018.10.08-07.02.06:906][  0]LogCook: Display: Mobile HDR setting 1
[2018.10.08-07.02.06:907][  0]LogGameplayTags: Display: UGameplayTagsManager::DoneAddingNativeTags. DelegateIsBound: 0
[2018.10.08-07.02.06:907][  0]LogStats: UGameplayTagsManager::ConstructGameplayTagTree: ImportINI prefixes -  0.000 s
[2018.10.08-07.02.06:907][  0]LogStats: UGameplayTagsManager::ConstructGameplayTagTree: Construct from data asset -  0.000 s
[2018.10.08-07.02.06:907][  0]LogStats: UGameplayTagsManager::ConstructGameplayTagTree: ImportINI -  0.000 s
[2018.10.08-07.02.06:907][  0]LogStats: UGameplayTagsManager::ConstructGameplayTagTree: GameplayTagTreeChangedEvent.Broadcast -  0.000 s
[2018.10.08-07.02.07:051][  0]LogFileCache: Scanning file cache for directory 'C:/Users/harbe/Desktop/TPE/Content/' took 0.02s
[2018.10.08-07.02.08:986][  0]SourceControl: 소스 컨트롤이 꺼졌습니다.
[2018.10.08-07.02.08:987][  0]Cmd: MAP LOAD FILE="../../../../../../Users/harbe/Desktop/TPE/Content/ThirdPersonBP/Maps/ThirdPersonExampleMap.umap" TEMPLATE=0 SHOWPROGRESS=1 FEATURELEVEL=3
[2018.10.08-07.02.08:987][  0]LightingResults: New page: 라이팅 빌드
[2018.10.08-07.02.08:997][  0]MapCheck: New page: 맵 체크
[2018.10.08-07.02.08:997][  0]LightingResults: New page: 라이팅 빌드
[2018.10.08-07.02.09:931][  0]LogAIModule: Creating AISystem for world ThirdPersonExampleMap
[2018.10.08-07.02.09:970][  0]LogEditorServer: Finished looking for orphan Actors (0.000 secs)
[2018.10.08-07.02.09:997][  0]Cmd: MAP CHECKDEP NOCLEARLOG
[2018.10.08-07.02.10:112][  0]MapCheck: 맵 체크 완료: 오류 0 회, 경고 0 회, 소요 시간 115.026ms.
[2018.10.08-07.02.10:112][  0]LogFileHelpers: Loading map 'ThirdPersonExampleMap' took 1.126
[2018.10.08-07.02.10:307][  0]LogSlate: Updating window title bar state: overlay mode, drag disabled, window buttons hidden, title bar hidden
[2018.10.08-07.02.10:315][  0]LogSlate: Updating window title bar state: overlay mode, drag disabled, window buttons hidden, title bar hidden
[2018.10.08-07.02.10:322][  0]LogSlate: Updating window title bar state: overlay mode, drag disabled, window buttons hidden, title bar hidden
[2018.10.08-07.02.10:331][  0]LogSlate: Updating window title bar state: overlay mode, drag disabled, window buttons hidden, title bar hidden
[2018.10.08-07.02.10:365][  0]LogCollectionManager: Loaded 0 collections in 0.002052 seconds
[2018.10.08-07.02.10:427][  0]LogFileCache: Scanning file cache for directory 'C:/Users/harbe/Desktop/TPE/Saved/Collections/' took 0.01s
[2018.10.08-07.02.10:427][  0]LogFileCache: Scanning file cache for directory 'C:/Users/harbe/Desktop/TPE/Content/Developers/harbe/Collections/' took 0.01s
[2018.10.08-07.02.10:427][  0]LogFileCache: Scanning file cache for directory 'C:/Users/harbe/Desktop/TPE/Content/Collections/' took 0.01s
[2018.10.08-07.02.10:427][  0]LogCollectionManager: Rebuilt the GUID cache for 0 collections in 0.000000 seconds
[2018.10.08-07.02.10:440][  0]LogContentBrowser: Native class hierarchy populated in 0.0108 seconds. Added 2621 classes and 629 folders.
[2018.10.08-07.02.10:455][  0]LogContentBrowser: Native class hierarchy updated for 'WidgetCarousel' in 0.0003 seconds. Added 0 classes and 0 folders.
[2018.10.08-07.02.10:917][  0]LogContentBrowser: Native class hierarchy updated for 'AddContentDialog' in 0.0002 seconds. Added 0 classes and 0 folders.
[2018.10.08-07.02.10:944][  0]LogContentBrowser: Native class hierarchy updated for 'SceneOutliner' in 0.0003 seconds. Added 1 classes and 2 folders.
[2018.10.08-07.02.11:009][  0]LogSlate: Took 0.006804 seconds to synchronously load lazily loaded font '../../../Engine/Content/Slate/Fonts/Roboto-Regular.ttf' (155K)
[2018.10.08-07.02.11:033][  0]LogSlate: Took 0.022781 seconds to synchronously load lazily loaded font '../../../Engine/Content/Editor/Slate/Fonts/NanumGothic.ttf' (4243K)
[2018.10.08-07.02.11:057][  0]LogSlate: Took 0.023091 seconds to synchronously load lazily loaded font '../../../Engine/Content/Editor/Slate/Fonts/NanumGothicBold.ttf' (4188K)
[2018.10.08-07.02.11:063][  0]LogSlate: Took 0.005513 seconds to synchronously load lazily loaded font '../../../Engine/Content/Slate/Fonts/Roboto-Bold.ttf' (160K)
[2018.10.08-07.02.11:075][  0]LogSlate: Took 0.006434 seconds to synchronously load lazily loaded font '../../../Engine/Content/Editor/Slate/Fonts/FontAwesome.ttf' (139K)
[2018.10.08-07.02.11:266][  0]LogRenderer: Reallocating scene render targets to support 1208x576 Format 10 NumSamples 1 (Frame:1).
[2018.10.08-07.02.11:430][  0]LogContentBrowser: Native class hierarchy updated for 'HierarchicalLODOutliner' in 0.0003 seconds. Added 0 classes and 0 folders.
[2018.10.08-07.02.11:431][  0]LogLoad: (Engine Initialization) Total time: 33.54 seconds
[2018.10.08-07.02.11:431][  0]LogLoad: (Engine Initialization) Total Blueprint compile time: 0.00 seconds
[2018.10.08-07.02.11:473][  0]LogContentStreaming: Texture pool size now 1000 MB
[2018.10.08-07.02.11:512][  0]LogSlate: Took 0.005589 seconds to synchronously load lazily loaded font '../../../Engine/Content/Slate/Fonts/Roboto-Light.ttf' (167K)
[2018.10.08-07.02.11:596][  1]LogAssetRegistry: Asset discovery search completed in 19.1366 seconds
[2018.10.08-07.02.11:597][  1]LogCollectionManager: Rebuilt the object cache for 0 collections in 0.000000 seconds (found 0 objects)
[2018.10.08-07.02.11:598][  1]LogCollectionManager: Fixed up redirectors for 0 collections in 0.000328 seconds (updated 0 objects)
[2018.10.08-07.02.12:879][  5]LogSlate: Took 0.000254 seconds to synchronously load lazily loaded font '../../../Engine/Content/Slate/Fonts/Roboto-Light.ttf' (167K)
[2018.10.08-07.04.09:616][352]LogSlate: FSceneViewport::OnFocusLost() reason 0
[2018.10.08-07.04.09:679][356]LogAssetEditorManager: Opening Asset editor for AnimSequence /Game/TPE/Animations/TPE_Jump_Land.TPE_Jump_Land
[2018.10.08-07.04.09:728][356]LogContentBrowser: Native class hierarchy updated for 'SkeletonEditor' in 0.0003 seconds. Added 1 classes and 2 folders.
[2018.10.08-07.04.10:030][356]LogActorComponent: RegisterComponentWithWorld: (/Engine/Transient.World_2:PersistentLevel.AnimationEditorPreviewActor_0.DebugSkelMeshComponent_0) Already registered. Aborting.
[2018.10.08-07.04.10:035][356]LogContentBrowser: Native class hierarchy updated for 'PinnedCommandList' in 0.0003 seconds. Added 1 classes and 0 folders.
[2018.10.08-07.04.10:130][356]LogSkeletalMesh: USkeletalMeshComponent::InitArticulated : Bodies already created (/Engine/Transient.World_2:PersistentLevel.AnimationEditorPreviewActor_0.DebugSkelMeshComponent_0) - call TermArticulated first.
[2018.10.08-07.04.10:509][356]LogAssetEditorManager: Opening Asset editor for AnimBlueprint /Game/TPE/Blueprints/TwinSword_AnimBP.TwinSword_AnimBP
[2018.10.08-07.04.10:549][356]LogActorComponent: RegisterComponentWithWorld: (/Engine/Transient.World_5:PersistentLevel.AnimationEditorPreviewActor_0.DebugSkelMeshComponent_0) Already registered. Aborting.
[2018.10.08-07.04.11:112][356]LogContentBrowser: Native class hierarchy updated for 'BlueprintGraph' in 0.0006 seconds. Added 116 classes and 0 folders.
[2018.10.08-07.04.11:847][356]LogSkeletalMesh: USkeletalMeshComponent::InitArticulated : Bodies already created (/Engine/Transient.World_5:PersistentLevel.AnimationEditorPreviewActor_0.DebugSkelMeshComponent_0) - call TermArticulated first.
[2018.10.08-07.04.12:255][356]LogAssetEditorManager: Opening Asset editor for Blueprint /Game/TPE/Blueprints/TwinSwordCharacterBP.TwinSwordCharacterBP
[2018.10.08-07.04.12:778][356]LogSlate: Took 0.005978 seconds to synchronously load lazily loaded font '../../../Engine/Content/Slate/Fonts/Roboto-BoldCondensed.ttf' (158K)
[2018.10.08-07.04.13:035][357]LogSlate: Took 0.012161 seconds to synchronously load lazily loaded font '../../../Engine/Content/Slate/Fonts/Roboto-Italic.ttf' (157K)
[2018.10.08-07.04.17:447][662]LogContentBrowser: Native class hierarchy updated for 'ClothingSystemEditorInterface' in 0.0003 seconds. Added 1 classes and 0 folders.
[2018.10.08-07.04.17:480][662]LogContentBrowser: Verbose: The majority of assets in the view are of type: AnimSequence
[2018.10.08-07.04.21:257][896]LogSlate: Window 'TwinSwordCharacterBP' being destroyed
[2018.10.08-07.04.22:263][958]LogSlate: FSceneViewport::OnFocusLost() reason 0
[2018.10.08-07.04.25:543][181]LogSlate: Window 'TPE_Jump_Land' being destroyed
[2018.10.08-08.33.46:992][ 54]LogSlate: Window '스켈레톤 선택' being destroyed
[2018.10.08-08.33.47:181][ 73]LogSlate: FSceneViewport::OnFocusLost() reason 2
[2018.10.08-08.34.03:673][ 41]Cmd: OBJ SAVEPACKAGE PACKAGE="/Game/TPE/Animations/Mtj_TPE_Attack" FILE="../../../../../../Users/harbe/Desktop/TPE/Content/TPE/Animations/Mtj_TPE_Attack.uasset" SILENT=true
[2018.10.08-08.34.03:690][ 41]LogSavePackage: Moving '../../../../../../Users/harbe/Desktop/TPE/Saved/Mtj_TPE_Attack201BA3EA458B8182CEC82198CFC36CFA.tmp' to '../../../../../../Users/harbe/Desktop/TPE/Content/TPE/Animations/Mtj_TPE_Attack.uasset'
[2018.10.08-08.34.07:789][343]Cmd: OBJ SAVEPACKAGE PACKAGE="/Game/TPE/Animations/Mtj_TPE_Dash" FILE="../../../../../../Users/harbe/Desktop/TPE/Content/TPE/Animations/Mtj_TPE_Dash.uasset" SILENT=true
[2018.10.08-08.34.07:805][343]LogSavePackage: Moving '../../../../../../Users/harbe/Desktop/TPE/Saved/Mtj_TPE_Dash75B196E746C02CAE7E237F86C5EF0FB3.tmp' to '../../../../../../Users/harbe/Desktop/TPE/Content/TPE/Animations/Mtj_TPE_Dash.uasset'
[2018.10.08-08.34.08:020][343]Cmd: OBJ SAVEPACKAGE PACKAGE="/Game/TPE/Blueprints/TwinSword_AnimBP" FILE="../../../../../../Users/harbe/Desktop/TPE/Content/TPE/Blueprints/TwinSword_AnimBP.uasset" SILENT=true
[2018.10.08-08.34.08:122][343]LogSavePackage: Moving '../../../../../../Users/harbe/Desktop/TPE/Saved/TwinSword_AnimBP5395AFC64D8F949FEB12CE87D248C34B.tmp' to '../../../../../../Users/harbe/Desktop/TPE/Content/TPE/Blueprints/TwinSword_AnimBP.uasset'
[2018.10.08-08.36.09:210][752]LogAssetEditorManager: Opening Asset editor for AnimMontage /Game/TPE/Animations/Mtj_TPE_Attack.Mtj_TPE_Attack
[2018.10.08-08.36.43:076][424]LogSlate: FSceneViewport::OnFocusLost() reason 2
[2018.10.08-08.36.46:221][776]LogAssetEditorManager: Opening Asset editor for AnimSequence /Game/TwinSwordAnimsetBase/Animation/Inplace/TwinSword_Attack01.TwinSword_Attack01
[2018.10.08-08.36.50:273][214]LogAssetEditorManager: Opening Asset editor for AnimMontage /Game/TPE/Animations/Mtj_TPE_Attack.Mtj_TPE_Attack
[2018.10.08-08.38.27:756][ 81]LogFileHelpers: Editor autosave (incl. sublevels) for '/Game/ThirdPersonBP/Maps/ThirdPersonExampleMap' took 0.032
[2018.10.08-08.38.27:758][ 81]OBJ SavePackage: Generating thumbnails for [1] asset(s) in package [/Game/TPE/Animations/Mtj_TPE_Attack] ([1] browsable assets)...
[2018.10.08-08.38.27:793][ 81]OBJ SavePackage:     Rendered thumbnail for [AnimMontage /Game/TPE/Animations/Mtj_TPE_Attack.Mtj_TPE_Attack]
[2018.10.08-08.38.27:793][ 81]OBJ SavePackage: Finished generating thumbnails for package [/Game/TPE/Animations/Mtj_TPE_Attack]
[2018.10.08-08.38.27:834][ 81]LogSavePackage: Moving '../../../../../../Users/harbe/Desktop/TPE/Saved/Mtj_TPE_Attack_Auto1CFB5C3154FDF48495419F48C91328BA4.tmp' to '../../../../../../Users/harbe/Desktop/TPE/Saved/Autosaves/Game/TPE/Animations/Mtj_TPE_Attack_Auto1.uasset'
[2018.10.08-08.38.27:835][ 81]LogFileHelpers: Auto-saving content packages took 0.078
[2018.10.08-08.42.28:220][496]LogAnimationCompression: Building Anim DDC data for AnimSequence /Game/TwinSwordAnimsetBase/Animation/Inplace/TwinSword_Attack10.TwinSword_Attack10
[2018.10.08-08.42.28:220][496]LogAnimationCompression: Recompressing (AnimSequence /Game/TwinSwordAnimsetBase/Animation/Inplace/TwinSword_Attack10.TwinSword_Attack10) using current/default (AnimCompress_BitwiseCompressOnly_12) bFirstRecompressUsingCurrentOrDefault(1) bTryAlternateCompressor(0) IsCompressedDataValid(0)
[2018.10.08-08.42.29:549][629]LogAnimationCompression: Building Anim DDC data for AnimSequence /Game/TwinSwordAnimsetBase/Animation/Inplace/TwinSword_Attack11.TwinSword_Attack11
[2018.10.08-08.42.29:550][629]LogAnimationCompression: Recompressing (AnimSequence /Game/TwinSwordAnimsetBase/Animation/Inplace/TwinSword_Attack11.TwinSword_Attack11) using current/default (AnimCompress_BitwiseCompressOnly_13) bFirstRecompressUsingCurrentOrDefault(1) bTryAlternateCompressor(0) IsCompressedDataValid(0)
[2018.10.08-08.42.33:614][ 72]LogAnimationCompression: Building Anim DDC data for AnimSequence /Game/TwinSwordAnimsetBase/Animation/Inplace/TwinSword_Attack12_End.TwinSword_Attack12_End
[2018.10.08-08.42.33:615][ 72]LogAnimationCompression: Recompressing (AnimSequence /Game/TwinSwordAnimsetBase/Animation/Inplace/TwinSword_Attack12_End.TwinSword_Attack12_End) using current/default (AnimCompress_BitwiseCompressOnly_15) bFirstRecompressUsingCurrentOrDefault(1) bTryAlternateCompressor(0) IsCompressedDataValid(0)
[2018.10.08-08.42.36:443][373]LogAnimationCompression: Building Anim DDC data for AnimSequence /Game/TwinSwordAnimsetBase/Animation/Inplace/TwinSword_Attack12.TwinSword_Attack12
[2018.10.08-08.42.36:443][373]LogAnimationCompression: Recompressing (AnimSequence /Game/TwinSwordAnimsetBase/Animation/Inplace/TwinSword_Attack12.TwinSword_Attack12) using current/default (AnimCompress_BitwiseCompressOnly_14) bFirstRecompressUsingCurrentOrDefault(1) bTryAlternateCompressor(0) IsCompressedDataValid(0)
[2018.10.08-08.42.43:773][172]LogAnimationCompression: Building Anim DDC data for AnimSequence /Game/TwinSwordAnimsetBase/Animation/Inplace/TwinSword_Attack12_Loop.TwinSword_Attack12_Loop
[2018.10.08-08.42.43:773][172]LogAnimationCompression: Recompressing (AnimSequence /Game/TwinSwordAnimsetBase/Animation/Inplace/TwinSword_Attack12_Loop.TwinSword_Attack12_Loop) using current/default (AnimCompress_BitwiseCompressOnly_16) bFirstRecompressUsingCurrentOrDefault(1) bTryAlternateCompressor(0) IsCompressedDataValid(0)
[2018.10.08-08.43.26:137][923]LogAnimationCompression: Building Anim DDC data for AnimSequence /Game/TwinSwordAnimsetBase/Animation/RootMotion/TwinSword_Attack01.TwinSword_Attack01
[2018.10.08-08.43.26:137][923]LogAnimationCompression: Recompressing (AnimSequence /Game/TwinSwordAnimsetBase/Animation/RootMotion/TwinSword_Attack01.TwinSword_Attack01) using current/default (AnimCompress_BitwiseCompressOnly_0) bFirstRecompressUsingCurrentOrDefault(1) bTryAlternateCompressor(0) IsCompressedDataValid(0)
[2018.10.08-08.43.38:698][352]LogContentBrowser: Verbose: The majority of assets in the view are of type: None
[2018.10.08-08.43.43:805][963]LogContentBrowser: Verbose: The majority of assets in the view are of type: AnimSequence
[2018.10.08-08.48.28:421][774]LogFileHelpers: Editor autosave (incl. sublevels) for '/Game/ThirdPersonBP/Maps/ThirdPersonExampleMap' took 0.125
[2018.10.08-08.48.28:423][774]OBJ SavePackage: Generating thumbnails for [1] asset(s) in package [/Game/TPE/Animations/Mtj_TPE_Attack] ([1] browsable assets)...
[2018.10.08-08.48.28:463][774]OBJ SavePackage:     Rendered thumbnail for [AnimMontage /Game/TPE/Animations/Mtj_TPE_Attack.Mtj_TPE_Attack]
[2018.10.08-08.48.28:463][774]OBJ SavePackage: Finished generating thumbnails for package [/Game/TPE/Animations/Mtj_TPE_Attack]
[2018.10.08-08.48.28:501][774]LogSavePackage: Moving '../../../../../../Users/harbe/Desktop/TPE/Saved/Mtj_TPE_Attack_Auto228AAE00349E745DA38FEB6A3BF5413AA.tmp' to '../../../../../../Users/harbe/Desktop/TPE/Saved/Autosaves/Game/TPE/Animations/Mtj_TPE_Attack_Auto2.uasset'
[2018.10.08-08.48.28:502][774]LogFileHelpers: Auto-saving content packages took 0.080
[2018.10.08-08.52.48:329][911]LogSlate: Window '콘텐츠 저장' being destroyed
[2018.10.08-08.52.53:758][498]LogAssetEditorManager: Opening Asset editor for AnimMontage /Game/TPE/Animations/Mtj_TPE_Attack.Mtj_TPE_Attack
[2018.10.08-08.52.54:841][599]Cmd: OBJ SAVEPACKAGE PACKAGE="/Game/TPE/Animations/Mtj_TPE_Attack" FILE="../../../../../../Users/harbe/Desktop/TPE/Content/TPE/Animations/Mtj_TPE_Attack.uasset" SILENT=true
[2018.10.08-08.52.54:862][599]LogSavePackage: Moving '../../../../../../Users/harbe/Desktop/TPE/Saved/Mtj_TPE_Attack7FD685904D6E616EE8DCE7BA4BF950A7.tmp' to '../../../../../../Users/harbe/Desktop/TPE/Content/TPE/Animations/Mtj_TPE_Attack.uasset'
[2018.10.08-08.56.57:799][627]Cmd: OBJ SAVEPACKAGE PACKAGE="/Game/TPE/Animations/Mtj_TPE_S_Attack" FILE="../../../../../../Users/harbe/Desktop/TPE/Content/TPE/Animations/Mtj_TPE_S_Attack.uasset" SILENT=true
[2018.10.08-08.56.57:815][627]LogSavePackage: Moving '../../../../../../Users/harbe/Desktop/TPE/Saved/Mtj_TPE_S_Attack0BCD75D04955C490299F75A597D70DCE.tmp' to '../../../../../../Users/harbe/Desktop/TPE/Content/TPE/Animations/Mtj_TPE_S_Attack.uasset'
[2018.10.08-09.05.58:873][248]Cmd: OBJ SAVEPACKAGE PACKAGE="/Game/TPE/Animations/Mtj_TPE_S_Attack01" FILE="../../../../../../Users/harbe/Desktop/TPE/Content/TPE/Animations/Mtj_TPE_S_Attack01.uasset" SILENT=true
[2018.10.08-09.05.58:890][248]LogSavePackage: Moving '../../../../../../Users/harbe/Desktop/TPE/Saved/Mtj_TPE_S_Attack01BBA40F9B40DADB419F669C95D108EFA9.tmp' to '../../../../../../Users/harbe/Desktop/TPE/Content/TPE/Animations/Mtj_TPE_S_Attack01.uasset'
[2018.10.08-09.06.19:992][647]Cmd: OBJ SAVEPACKAGE PACKAGE="/Game/TPE/Animations/Mtj_TPE_S_Attack01" FILE="../../../../../../Users/harbe/Desktop/TPE/Content/TPE/Animations/Mtj_TPE_S_Attack01.uasset" SILENT=true
[2018.10.08-09.06.20:030][647]LogSavePackage: Moving '../../../../../../Users/harbe/Desktop/TPE/Saved/Mtj_TPE_S_Attack0154FE6CD24233A118AA82058E5E5BBFBE.tmp' to '../../../../../../Users/harbe/Desktop/TPE/Content/TPE/Animations/Mtj_TPE_S_Attack01.uasset'
[2018.10.08-09.06.40:914][300]LogSlate: Window 'TPE - 언리얼 에디터' being destroyed
[2018.10.08-09.06.41:096][301]Cmd: QUIT_EDITOR
[2018.10.08-09.06.41:120][301]LogWindowsTextInputMethodSystem: Display: IME system now activated using TSF (Microsoft 입력기).
[2018.10.08-09.06.41:139][301]LogExit: Preparing to exit.
[2018.10.08-09.06.42:259][301]LogExit: Editor shut down
[2018.10.08-09.06.42:259][301]LogExit: Transaction tracking system shut down
[2018.10.08-09.06.42:637][301]LogExit: Object subsystem successfully closed.
[2018.10.08-09.06.42:657][301]LogShaderCompilers: Display: Shaders left to compile 0
[2018.10.08-09.06.42:662][301]LogD3D11RHI: Shutdown
[2018.10.08-09.06.42:662][301]LogD3D11RHI: CleanupD3DDevice
[2018.10.08-09.06.42:665][301]LogD3D11RHI: ~FD3D11DynamicRHI
[2018.10.08-09.06.42:746][301]LogModuleManager: Shutting down and abandoning module ClothingSystemEditorInterface (640)
[2018.10.08-09.06.42:746][301]LogModuleManager: Shutting down and abandoning module BlueprintGraph (638)
[2018.10.08-09.06.42:746][301]LogModuleManager: Shutting down and abandoning module AnimationBlueprintEditor (636)
[2018.10.08-09.06.42:746][301]LogModuleManager: Shutting down and abandoning module PinnedCommandList (634)
[2018.10.08-09.06.42:746][301]LogModuleManager: Shutting down and abandoning module SkeletonEditor (632)
[2018.10.08-09.06.42:746][301]LogModuleManager: Shutting down and abandoning module AnimationEditor (630)
[2018.10.08-09.06.42:746][301]LogModuleManager: Shutting down and abandoning module HierarchicalLODOutliner (628)
[2018.10.08-09.06.42:746][301]LogModuleManager: Shutting down and abandoning module SceneOutliner (626)
[2018.10.08-09.06.42:746][301]LogModuleManager: Shutting down and abandoning module AddContentDialog (624)
[2018.10.08-09.06.42:749][301]LogModuleManager: Shutting down and abandoning module WidgetCarousel (623)
[2018.10.08-09.06.42:749][301]LogModuleManager: Shutting down and abandoning module EditorWidgets (620)
[2018.10.08-09.06.42:749][301]LogModuleManager: Shutting down and abandoning module CollectionManager (618)
[2018.10.08-09.06.42:750][301]LogModuleManager: Shutting down and abandoning module StatsViewer (616)
[2018.10.08-09.06.42:750][301]LogModuleManager: Shutting down and abandoning module FoliageEdit (614)
[2018.10.08-09.06.42:750][301]LogModuleManager: Shutting down and abandoning module LandscapeEditor (612)
[2018.10.08-09.06.42:751][301]LogModuleManager: Shutting down and abandoning module MeshPaintMode (610)
[2018.10.08-09.06.42:751][301]LogModuleManager: Shutting down and abandoning module SceneDepthPickerMode (608)
[2018.10.08-09.06.42:751][301]LogModuleManager: Shutting down and abandoning module ActorPickerMode (606)
[2018.10.08-09.06.42:751][301]LogModuleManager: Shutting down and abandoning module GeometryMode (604)
[2018.10.08-09.06.42:751][301]LogModuleManager: Shutting down and abandoning module TextureAlignMode (602)
[2018.10.08-09.06.42:751][301]LogModuleManager: Shutting down and abandoning module BspMode (600)
[2018.10.08-09.06.42:751][301]LogModuleManager: Shutting down and abandoning module PIEPreviewDeviceProfileSelector (598)
[2018.10.08-09.06.42:751][301]LogModuleManager: Shutting down and abandoning module SequenceRecorderSections (596)
[2018.10.08-09.06.42:751][301]LogModuleManager: Shutting down and abandoning module AutomationWorker (594)
[2018.10.08-09.06.42:751][301]LogModuleManager: Shutting down and abandoning module DatasmithFBXImporter (592)
[2018.10.08-09.06.42:751][301]LogModuleManager: Shutting down and abandoning module DatasmithDeltaGenImporter (590)
[2018.10.08-09.06.42:751][301]LogModuleManager: Shutting down and abandoning module DatasmithVREDImporter (588)
[2018.10.08-09.06.42:751][301]LogModuleManager: Shutting down and abandoning module AudioCaptureEditor (586)
[2018.10.08-09.06.42:751][301]LogModuleManager: Shutting down and abandoning module SequenceRecorder (585)
[2018.10.08-09.06.42:751][301]LogModuleManager: Shutting down and abandoning module MatineeToLevelSequence (582)
[2018.10.08-09.06.42:752][301]LogModuleManager: Shutting down and abandoning module LevelSequenceEditor (580)
[2018.10.08-09.06.42:752][301]LogModuleManager: Shutting down and abandoning module PlacementMode (579)
[2018.10.08-09.06.42:752][301]LogModuleManager: Shutting down and abandoning module MaterialEditor (578)
[2018.10.08-09.06.42:753][301]LogModuleManager: Shutting down and abandoning module WmfMediaFactory (574)
[2018.10.08-09.06.42:753][301]LogModuleManager: Shutting down and abandoning module WmfMediaEditor (572)
[2018.10.08-09.06.42:753][301]LogModuleManager: Shutting down and abandoning module MediaPlayerEditor (570)
[2018.10.08-09.06.42:753][301]LogModuleManager: Shutting down and abandoning module OpenExrWrapper (568)
[2018.10.08-09.06.42:753][301]LogModuleManager: Shutting down and abandoning module ImgMediaFactory (566)
[2018.10.08-09.06.42:753][301]LogModuleManager: Shutting down and abandoning module ImgMediaEditor (564)
[2018.10.08-09.06.42:753][301]LogModuleManager: Shutting down and abandoning module AvfMediaFactory (562)
[2018.10.08-09.06.42:753][301]LogModuleManager: Shutting down and abandoning module AvfMediaEditor (560)
[2018.10.08-09.06.42:753][301]LogModuleManager: Shutting down and abandoning module AndroidMediaFactory (558)
[2018.10.08-09.06.42:753][301]LogModuleManager: Shutting down and abandoning module AndroidMediaEditor (556)
[2018.10.08-09.06.42:753][301]LogModuleManager: Shutting down and abandoning module MagicLeapCameraPreviewFactory (554)
[2018.10.08-09.06.42:753][301]LogModuleManager: Shutting down and abandoning module MagicLeapMediaFactory (552)
[2018.10.08-09.06.42:753][301]LogModuleManager: Shutting down and abandoning module MagicLeapMediaEditor (550)
[2018.10.08-09.06.42:753][301]LogModuleManager: Shutting down and abandoning module CharacterAI (548)
[2018.10.08-09.06.42:753][301]LogModuleManager: Shutting down and abandoning module SmartSnapping (546)
[2018.10.08-09.06.42:753][301]LogModuleManager: Shutting down and abandoning module SessionServices (544)
[2018.10.08-09.06.42:753][301]LogModuleManager: Shutting down and abandoning module ViewportSnapping (542)
[2018.10.08-09.06.42:753][301]LogModuleManager: Shutting down and abandoning module ViewportInteraction (540)
[2018.10.08-09.06.42:753][301]LogModuleManager: Shutting down and abandoning module ClothPainter (538)
[2018.10.08-09.06.42:753][301]LogModuleManager: Shutting down and abandoning module SkeletalMeshEditor (537)
[2018.10.08-09.06.42:755][301]LogModuleManager: Shutting down and abandoning module LogVisualizer (534)
[2018.10.08-09.06.42:755][301]LogModuleManager: Shutting down and abandoning module IntroTutorials (532)
[2018.10.08-09.06.42:755][301]LogModuleManager: Shutting down and abandoning module GameProjectGeneration (531)
[2018.10.08-09.06.42:755][301]LogModuleManager: Shutting down and abandoning module LuminPlatformEditor (528)
[2018.10.08-09.06.42:755][301]LogModuleManager: Shutting down and abandoning module IOSPlatformEditor (526)
[2018.10.08-09.06.42:755][301]LogModuleManager: Shutting down and abandoning module HTML5PlatformEditor (524)
[2018.10.08-09.06.42:755][301]LogModuleManager: Shutting down and abandoning module AndroidPlatformEditor (522)
[2018.10.08-09.06.42:755][301]LogModuleManager: Shutting down and abandoning module AndroidDeviceDetection (521)
[2018.10.08-09.06.43:436][301]LogModuleManager: Shutting down and abandoning module WindowsPlatformEditor (518)
[2018.10.08-09.06.43:436][301]LogModuleManager: Shutting down and abandoning module LuminRuntimeSettings (516)
[2018.10.08-09.06.43:436][301]LogModuleManager: Shutting down and abandoning module IOSRuntimeSettings (514)
[2018.10.08-09.06.43:436][301]LogModuleManager: Shutting down and abandoning module AndroidRuntimeSettings (512)
[2018.10.08-09.06.43:436][301]LogModuleManager: Shutting down and abandoning module InputBindingEditor (510)
[2018.10.08-09.06.43:437][301]LogModuleManager: Shutting down and abandoning module MergeActors (508)
[2018.10.08-09.06.43:437][301]LogModuleManager: Shutting down and abandoning module LocalizationDashboard (506)
[2018.10.08-09.06.43:437][301]LogModuleManager: Shutting down and abandoning module LocalizationService (505)
[2018.10.08-09.06.43:437][301]LogModuleManager: Shutting down and abandoning module HardwareTargeting (502)
[2018.10.08-09.06.43:437][301]LogModuleManager: Shutting down and abandoning module DeviceProfileEditor (500)
[2018.10.08-09.06.43:437][301]LogModuleManager: Shutting down and abandoning module UndoHistory (498)
[2018.10.08-09.06.43:437][301]LogModuleManager: Shutting down and abandoning module XmlParser (496)
[2018.10.08-09.06.43:437][301]LogModuleManager: Shutting down and abandoning module Blutility (494)
[2018.10.08-09.06.43:437][301]LogModuleManager: Shutting down and abandoning module ProjectSettingsViewer (492)
[2018.10.08-09.06.43:438][301]LogModuleManager: Shutting down and abandoning module ProjectTargetPlatformEditor (491)
[2018.10.08-09.06.43:438][301]LogModuleManager: Shutting down and abandoning module EditorSettingsViewer (488)
[2018.10.08-09.06.43:438][301]LogModuleManager: Shutting down and abandoning module SettingsEditor (486)
[2018.10.08-09.06.43:438][301]LogModuleManager: Shutting down and abandoning module ProjectLauncher (484)
[2018.10.08-09.06.43:438][301]LogModuleManager: Shutting down and abandoning module SessionFrontend (482)
[2018.10.08-09.06.43:438][301]LogModuleManager: Shutting down and abandoning module ProfilerClient (480)
[2018.10.08-09.06.43:439][301]LogModuleManager: Shutting down and abandoning module DeviceManager (478)
[2018.10.08-09.06.43:439][301]LogModuleManager: Shutting down and abandoning module TargetDeviceServices (477)
[2018.10.08-09.06.43:494][301]LogModuleManager: Shutting down and abandoning module AutomationController (474)
[2018.10.08-09.06.43:494][301]LogModuleManager: Shutting down and abandoning module AutomationWindow (472)
[2018.10.08-09.06.43:494][301]LogModuleManager: Shutting down and abandoning module Layers (470)
[2018.10.08-09.06.43:496][301]LogModuleManager: Shutting down and abandoning module ComponentVisualizers (468)
[2018.10.08-09.06.43:496][301]LogModuleManager: Shutting down and abandoning module DetailCustomizations (466)
[2018.10.08-09.06.43:496][301]LogModuleManager: Shutting down and abandoning module PackagesDialog (464)
[2018.10.08-09.06.43:496][301]LogModuleManager: Shutting down and abandoning module Persona (462)
[2018.10.08-09.06.43:496][301]LogModuleManager: Shutting down and abandoning module AnimGraph (461)
[2018.10.08-09.06.43:496][301]LogModuleManager: Shutting down and abandoning module Kismet (458)
[2018.10.08-09.06.43:502][301]LogModuleManager: Shutting down and abandoning module GraphEditor (456)
[2018.10.08-09.06.43:502][301]LogModuleManager: Shutting down and abandoning module ClassViewer (454)
[2018.10.08-09.06.43:502][301]LogModuleManager: Shutting down and abandoning module Toolbox (452)
[2018.10.08-09.06.43:502][301]LogModuleManager: Shutting down and abandoning module ModuleUI (450)
[2018.10.08-09.06.43:502][301]LogModuleManager: Shutting down and abandoning module MovieSceneTools (448)
[2018.10.08-09.06.43:502][301]LogModuleManager: Shutting down and abandoning module OutputLog (446)
[2018.10.08-09.06.43:502][301]LogModuleManager: Shutting down and abandoning module GammaUI (444)
[2018.10.08-09.06.43:503][301]LogModuleManager: Shutting down and abandoning module Documentation (442)
[2018.10.08-09.06.43:503][301]LogModuleManager: Shutting down and abandoning module MovieSceneTracks (440)
[2018.10.08-09.06.43:503][301]LogModuleManager: Shutting down and abandoning module MovieScene (438)
[2018.10.08-09.06.43:503][301]LogModuleManager: Shutting down and abandoning module StreamingPauseRendering (436)
[2018.10.08-09.06.43:503][301]LogModuleManager: Shutting down and abandoning module LauncherPlatform (434)
[2018.10.08-09.06.43:503][301]LogModuleManager: Shutting down and abandoning module AnalyticsET (432)
[2018.10.08-09.06.43:503][301]LogModuleManager: Shutting down and abandoning module PortalServices (430)
[2018.10.08-09.06.43:503][301]LogModuleManager: Shutting down and abandoning module PortalRpc (428)
[2018.10.08-09.06.43:503][301]LogModuleManager: Shutting down and abandoning module MessagingRpc (426)
[2018.10.08-09.06.43:503][301]LogModuleManager: Shutting down and abandoning module AIModule (424)
[2018.10.08-09.06.43:503][301]LogModuleManager: Shutting down and abandoning module GameplayDebugger (423)
[2018.10.08-09.06.43:503][301]LogModuleManager: Shutting down and abandoning module AITestSuite (421)
[2018.10.08-09.06.43:503][301]LogModuleManager: Shutting down and abandoning module NavigationSystem (419)
[2018.10.08-09.06.43:503][301]LogModuleManager: Shutting down and abandoning module DesktopPlatform (416)
[2018.10.08-09.06.43:503][301]LogModuleManager: Shutting down and abandoning module ProfilerService (414)
[2018.10.08-09.06.43:625][301]LogModuleManager: Shutting down and abandoning module TaskGraph (412)
[2018.10.08-09.06.43:625][301]LogModuleManager: Shutting down and abandoning module DatasmithCADImporter (410)
[2018.10.08-09.06.43:626][301]LogModuleManager: Shutting down and abandoning module StaticMeshEditorExtension (408)
[2018.10.08-09.06.43:626][301]LogModuleManager: Shutting down and abandoning module StaticMeshEditor (407)
[2018.10.08-09.06.43:628][301]LogModuleManager: Shutting down and abandoning module AdvancedPreviewScene (406)
[2018.10.08-09.06.43:628][301]LogModuleManager: Shutting down and abandoning module DatasmithMDLImporter (402)
[2018.10.08-09.06.43:631][301]LogModuleManager: Shutting down and abandoning module DatasmithImporter (400)
[2018.10.08-09.06.43:631][301]LogModuleManager: Shutting down and abandoning module SteamVRController (398)
[2018.10.08-09.06.43:631][301]LogModuleManager: Shutting down and abandoning module ProceduralMeshComponentEditor (396)
[2018.10.08-09.06.43:631][301]LogModuleManager: Shutting down and abandoning module ProceduralMeshComponent (394)
[2018.10.08-09.06.43:631][301]LogModuleManager: Shutting down and abandoning module OculusInput (392)
[2018.10.08-09.06.43:631][301]LogModuleManager: Shutting down and abandoning module MobilePatchingUtils (390)
[2018.10.08-09.06.43:631][301]LogModuleManager: Shutting down and abandoning module EditableMesh (388)
[2018.10.08-09.06.43:631][301]LogModuleManager: Shutting down and abandoning module CustomMeshComponent (386)
[2018.10.08-09.06.43:631][301]LogModuleManager: Shutting down and abandoning module CableComponent (384)
[2018.10.08-09.06.43:631][301]LogModuleManager: Shutting down and abandoning module AudioCapture (382)
[2018.10.08-09.06.43:631][301]LogModuleManager: Shutting down and abandoning module ArchVisCharacter (380)
[2018.10.08-09.06.43:631][301]LogModuleManager: Shutting down and abandoning module AndroidPermission (378)
[2018.10.08-09.06.43:632][301]LogModuleManager: Shutting down and abandoning module NUTUnrealEngine4 (376)
[2018.10.08-09.06.43:632][301]LogModuleManager: Shutting down and abandoning module NetcodeUnitTest (374)
[2018.10.08-09.06.43:632][301]LogModuleManager: Shutting down and abandoning module MediaCompositingEditor (372)
[2018.10.08-09.06.43:632][301]LogModuleManager: Shutting down and abandoning module MediaCompositing (370)
[2018.10.08-09.06.43:632][301]LogModuleManager: Shutting down and abandoning module LinearTimecode (368)
[2018.10.08-09.06.43:633][301]LogModuleManager: Shutting down and abandoning module ImgMedia (366)
[2018.10.08-09.06.43:640][301]LogModuleManager: Shutting down and abandoning module HTML5Networking (364)
[2018.10.08-09.06.43:640][301]LogModuleManager: Shutting down and abandoning module GeometryCacheTracks (362)
[2018.10.08-09.06.43:640][301]LogModuleManager: Shutting down and abandoning module GeometryCacheSequencer (360)
[2018.10.08-09.06.43:640][301]LogModuleManager: Shutting down and abandoning module BackChannel (358)
[2018.10.08-09.06.43:640][301]LogModuleManager: Shutting down and abandoning module AppleVision (356)
[2018.10.08-09.06.43:640][301]LogModuleManager: Shutting down and abandoning module AppleImageUtils (354)
[2018.10.08-09.06.43:641][301]LogModuleManager: Shutting down and abandoning module AlembicImporter (352)
[2018.10.08-09.06.43:641][301]LogModuleManager: Shutting down and abandoning module AlembicLibrary (351)
[2018.10.08-09.06.43:641][301]LogModuleManager: Shutting down and abandoning module GeometryCache (350)
[2018.10.08-09.06.43:641][301]LogModuleManager: Shutting down and abandoning module GeometryCacheEd (349)
[2018.10.08-09.06.43:641][301]LogModuleManager: Shutting down and abandoning module DatasmithContentEditor (344)
[2018.10.08-09.06.43:641][301]LogModuleManager: Shutting down and abandoning module DatasmithContent (342)
[2018.10.08-09.06.43:642][301]LogModuleManager: Shutting down and abandoning module SpeedTreeImporter (340)
[2018.10.08-09.06.43:642][301]LogModuleManager: Shutting down and abandoning module PluginBrowser (338)
[2018.10.08-09.06.43:642][301]LogModuleManager: Shutting down and abandoning module MobileLauncherProfileWizard (336)
[2018.10.08-09.06.43:643][301]LogModuleManager: Shutting down and abandoning module PolygonModeling (334)
[2018.10.08-09.06.43:643][301]LogModuleManager: Shutting down and abandoning module MeshEditor (332)
[2018.10.08-09.06.43:643][301]LogModuleManager: Shutting down and abandoning module EditorScriptingUtilities (330)
[2018.10.08-09.06.43:643][301]LogModuleManager: Shutting down and abandoning module CryptoKeysOpenSSL (328)
[2018.10.08-09.06.43:643][301]LogModuleManager: Shutting down and abandoning module CryptoKeys (326)
[2018.10.08-09.06.43:643][301]LogModuleManager: Shutting down and abandoning module VisualStudioSourceCodeAccess (324)
[2018.10.08-09.06.43:643][301]LogModuleManager: Shutting down and abandoning module VisualStudioCodeSourceCodeAccess (322)
[2018.10.08-09.06.43:643][301]LogModuleManager: Shutting down and abandoning module UObjectPlugin (320)
[2018.10.08-09.06.43:643][301]LogModuleManager: Shutting down and abandoning module SubversionSourceControl (318)
[2018.10.08-09.06.43:643][301]LogModuleManager: Shutting down and abandoning module PerforceSourceControl (316)
[2018.10.08-09.06.43:644][301]LogModuleManager: Shutting down and abandoning module GitSourceControl (314)
[2018.10.08-09.06.43:644][301]LogModuleManager: Shutting down and abandoning module SourceControl (313)
[2018.10.08-09.06.43:644][301]LogModuleManager: Shutting down and abandoning module CLionSourceCodeAccess (310)
[2018.10.08-09.06.43:644][301]LogModuleManager: Shutting down and abandoning module LightPropagationVolumeEditor (308)
[2018.10.08-09.06.43:644][301]LogModuleManager: Shutting down and abandoning module PaperTiledImporter (306)
[2018.10.08-09.06.43:644][301]LogModuleManager: Shutting down and abandoning module PaperSpriteSheetImporter (304)
[2018.10.08-09.06.43:644][301]LogModuleManager: Shutting down and abandoning module Paper2DEditor (302)
[2018.10.08-09.06.43:645][301]LogModuleManager: Shutting down and abandoning module MeshPaint (301)
[2018.10.08-09.06.43:645][301]LogModuleManager: Shutting down and abandoning module RuntimePhysXCooking (298)
[2018.10.08-09.06.43:645][301]LogModuleManager: Shutting down and abandoning module PhysXVehiclesEditor (296)
[2018.10.08-09.06.43:645][301]LogModuleManager: Shutting down and abandoning module PhysXVehicles (294)
[2018.10.08-09.06.43:645][301]LogModuleManager: Shutting down and abandoning module OculusEditor (292)
[2018.10.08-09.06.43:645][301]LogModuleManager: Shutting down and abandoning module LocationServicesBPLibrary (290)
[2018.10.08-09.06.43:645][301]LogModuleManager: Shutting down and abandoning module ImmediatePhysicsEditor (288)
[2018.10.08-09.06.43:645][301]LogModuleManager: Shutting down and abandoning module ImmediatePhysics (286)
[2018.10.08-09.06.43:645][301]LogModuleManager: Shutting down and abandoning module ActorSequence (284)
[2018.10.08-09.06.43:645][301]LogModuleManager: Shutting down and abandoning module UdpMessaging (282)
[2018.10.08-09.06.43:763][301]LogModuleManager: Shutting down and abandoning module TcpMessaging (280)
[2018.10.08-09.06.43:864][301]LogModuleManager: Shutting down and abandoning module MagicLeapAudio (278)
[2018.10.08-09.06.43:864][301]LogModuleManager: Shutting down and abandoning module GameplayTagsEditor (276)
[2018.10.08-09.06.43:864][301]LogModuleManager: Shutting down and abandoning module FacialAnimationEditor (274)
[2018.10.08-09.06.43:864][301]LogModuleManager: Shutting down and abandoning module FacialAnimation (272)
[2018.10.08-09.06.43:864][301]LogModuleManager: Shutting down and abandoning module DataValidation (270)
[2018.10.08-09.06.43:864][301]LogModuleManager: Shutting down and abandoning module AssetManagerEditor (268)
[2018.10.08-09.06.43:864][301]LogModuleManager: Shutting down and abandoning module LevelEditor (267)
[2018.10.08-09.06.43:865][301]LogModuleManager: Shutting down and abandoning module PixelInspectorModule (266)
[2018.10.08-09.06.43:865][301]LogModuleManager: Shutting down and abandoning module CommonMenuExtensions (264)
[2018.10.08-09.06.43:865][301]LogModuleManager: Shutting down and abandoning module MainFrame (262)
[2018.10.08-09.06.43:865][301]LogModuleManager: Shutting down and abandoning module HotReload (261)
[2018.10.08-09.06.43:866][301]LogModuleManager: Shutting down and abandoning module ContentBrowser (257)
[2018.10.08-09.06.43:867][301]LogModuleManager: Shutting down and abandoning module TreeMap (255)
[2018.10.08-09.06.43:867][301]LogModuleManager: Shutting down and abandoning module LightPropagationVolumeRuntime (252)
[2018.10.08-09.06.43:867][301]LogModuleManager: Shutting down and abandoning module AISupportModule (250)
[2018.10.08-09.06.43:867][301]LogModuleManager: Shutting down and abandoning module Paper2D (248)
[2018.10.08-09.06.43:867][301]LogModuleManager: Shutting down and abandoning module WindowsMoviePlayer (246)
[2018.10.08-09.06.43:867][301]LogModuleManager: Shutting down and abandoning module WmfMedia (244)
[2018.10.08-09.06.43:869][301]LogModuleManager: Shutting down and abandoning module Media (243)
[2018.10.08-09.06.43:875][301]LogModuleManager: Shutting down and abandoning module PacketHandler (240)
[2018.10.08-09.06.43:875][301]LogModuleManager: Shutting down and abandoning module ClothingSystemEditor (238)
[2018.10.08-09.06.43:875][301]LogModuleManager: Shutting down and abandoning module ClothingSystemRuntime (236)
[2018.10.08-09.06.43:876][301]LogModuleManager: Shutting down and abandoning module MediaAssets (234)
[2018.10.08-09.06.43:876][301]LogModuleManager: Shutting down and abandoning module Overlay (232)
[2018.10.08-09.06.43:876][301]LogModuleManager: Shutting down and abandoning module OverlayEditor (231)
[2018.10.08-09.06.43:876][301]LogModuleManager: Shutting down and abandoning module VREditor (228)
[2018.10.08-09.06.43:876][301]LogModuleManager: Shutting down and abandoning module StringTableEditor (226)
[2018.10.08-09.06.43:877][301]LogModuleManager: Shutting down and abandoning module GameplayTasksEditor (224)
[2018.10.08-09.06.43:877][301]LogModuleManager: Shutting down and abandoning module BehaviorTreeEditor (222)
[2018.10.08-09.06.43:877][301]LogModuleManager: Shutting down and abandoning module FunctionalTesting (220)
[2018.10.08-09.06.43:877][301]LogModuleManager: Shutting down and abandoning module CollisionAnalyzer (218)
[2018.10.08-09.06.43:877][301]LogModuleManager: Shutting down and abandoning module WorkspaceMenuStructure (217)
[2018.10.08-09.06.43:877][301]LogModuleManager: Shutting down and abandoning module UMG (214)
[2018.10.08-09.06.43:877][301]LogModuleManager: Shutting down and abandoning module UMGEditor (213)
[2018.10.08-09.06.43:877][301]LogModuleManager: Shutting down and abandoning module Sequencer (212)
[2018.10.08-09.06.43:878][301]LogModuleManager: Shutting down and abandoning module MessageLog (209)
[2018.10.08-09.06.43:878][301]LogModuleManager: Shutting down and abandoning module SlateReflector (204)
[2018.10.08-09.06.43:879][301]LogModuleManager: Shutting down and abandoning module Slate (202)
[2018.10.08-09.06.43:879][301]LogModuleManager: Shutting down and abandoning module EditorStyle (200)
[2018.10.08-09.06.43:881][301]LogModuleManager: Shutting down and abandoning module MRMesh (198)
[2018.10.08-09.06.43:881][301]LogModuleManager: Shutting down and abandoning module SourceCodeAccess (196)
[2018.10.08-09.06.43:881][301]LogModuleManager: Shutting down and abandoning module HeadMountedDisplay (194)
[2018.10.08-09.06.43:882][301]LogModuleManager: Shutting down and abandoning module XAudio2 (192)
[2018.10.08-09.06.43:882][301]LogModuleManager: Shutting down and abandoning module Networking (190)
[2018.10.08-09.06.43:882][301]LogModuleManager: Shutting down and abandoning module Core (188)
[2018.10.08-09.06.43:882][301]LogModuleManager: Shutting down and abandoning module LevelSequence (186)
[2018.10.08-09.06.43:882][301]LogModuleManager: Shutting down and abandoning module KismetCompiler (184)
[2018.10.08-09.06.43:882][301]LogModuleManager: Shutting down and abandoning module MeshUtilities (182)
[2018.10.08-09.06.43:882][301]LogModuleManager: Shutting down and abandoning module MeshMergeUtilities (181)
[2018.10.08-09.06.43:882][301]LogModuleManager: Shutting down and abandoning module MeshReductionInterface (180)
[2018.10.08-09.06.43:882][301]LogModuleManager: Shutting down and abandoning module SimplygonSwarm (179)
[2018.10.08-09.06.43:882][301]LogModuleManager: Shutting down and abandoning module ProxyLODMeshReduction (177)
[2018.10.08-09.06.43:883][301]LogModuleManager: Shutting down and abandoning module SimplygonMeshReduction (175)
[2018.10.08-09.06.43:883][301]LogModuleManager: Shutting down and abandoning module QuadricMeshReduction (173)
[2018.10.08-09.06.43:883][301]LogModuleManager: Shutting down and abandoning module MaterialBaking (169)
[2018.10.08-09.06.43:883][301]LogModuleManager: Shutting down and abandoning module DirectoryWatcher (165)
[2018.10.08-09.06.43:883][301]LogModuleManager: Shutting down and abandoning module DerivedDataCache (162)
[2018.10.08-09.06.43:966][301]LogDerivedDataCache: Shutdown
[2018.10.08-09.06.43:966][301]LogModuleManager: Shutting down and abandoning module XGEController (160)
[2018.10.08-09.06.43:966][301]LogXGEController: Cleaning working directory: C:/Users/harbe/AppData/Local/Temp/UnrealXGEWorkingDir/
[2018.10.08-09.06.43:966][301]LogModuleManager: Shutting down and abandoning module TargetPlatform (158)
[2018.10.08-09.06.43:966][301]LogModuleManager: Shutting down and abandoning module VulkanShaderFormat (157)
[2018.10.08-09.06.43:966][301]LogModuleManager: Shutting down and abandoning module ShaderFormatVectorVM (155)
[2018.10.08-09.06.43:967][301]LogModuleManager: Shutting down and abandoning module ShaderFormatOpenGL (153)
[2018.10.08-09.06.43:967][301]LogModuleManager: Shutting down and abandoning module ShaderFormatD3D (151)
[2018.10.08-09.06.43:967][301]LogModuleManager: Shutting down and abandoning module MetalShaderFormat (149)
[2018.10.08-09.06.43:968][301]LogModuleManager: Shutting down and abandoning module TextureFormatUncompressed (147)
[2018.10.08-09.06.43:968][301]LogModuleManager: Shutting down and abandoning module TextureFormatPVR (145)
[2018.10.08-09.06.43:968][301]LogModuleManager: Shutting down and abandoning module TextureFormatDXT (143)
[2018.10.08-09.06.43:968][301]LogModuleManager: Shutting down and abandoning module TextureFormatIntelISPCTexComp (141)
[2018.10.08-09.06.43:968][301]LogModuleManager: Shutting down and abandoning module TextureFormatASTC (139)
[2018.10.08-09.06.43:968][301]LogModuleManager: Shutting down and abandoning module ImageWrapper (138)
[2018.10.08-09.06.43:968][301]LogModuleManager: Shutting down and abandoning module TextureFormatAndroid (135)
[2018.10.08-09.06.43:968][301]LogModuleManager: Shutting down and abandoning module AudioFormatOpus (133)
[2018.10.08-09.06.43:968][301]LogModuleManager: Shutting down and abandoning module AudioFormatOgg (131)
[2018.10.08-09.06.43:968][301]LogModuleManager: Shutting down and abandoning module AudioFormatADPCM (129)
[2018.10.08-09.06.43:968][301]LogModuleManager: Shutting down and abandoning module LuminTargetPlatform (127)
[2018.10.08-09.06.43:968][301]LogModuleManager: Shutting down and abandoning module LinuxTargetPlatform (125)
[2018.10.08-09.06.43:968][301]LogModuleManager: Shutting down and abandoning module LinuxServerTargetPlatform (123)
[2018.10.08-09.06.43:968][301]LogModuleManager: Shutting down and abandoning module LinuxNoEditorTargetPlatform (121)
[2018.10.08-09.06.43:968][301]LogModuleManager: Shutting down and abandoning module LinuxClientTargetPlatform (119)
[2018.10.08-09.06.43:968][301]LogModuleManager: Shutting down and abandoning module TVOSTargetPlatform (117)
[2018.10.08-09.06.43:972][301]LogModuleManager: Shutting down and abandoning module Messaging (115)
[2018.10.08-09.06.43:972][301]LogModuleManager: Shutting down and abandoning module IOSTargetPlatform (113)
[2018.10.08-09.06.43:975][301]LogModuleManager: Shutting down and abandoning module HTML5TargetPlatform (111)
[2018.10.08-09.06.43:975][301]LogModuleManager: Shutting down and abandoning module AndroidTargetPlatform (109)
[2018.10.08-09.06.43:995][301]LogModuleManager: Shutting down and abandoning module WindowsTargetPlatform (107)
[2018.10.08-09.06.43:995][301]LogModuleManager: Shutting down and abandoning module WindowsServerTargetPlatform (105)
[2018.10.08-09.06.43:995][301]LogModuleManager: Shutting down and abandoning module WindowsNoEditorTargetPlatform (103)
[2018.10.08-09.06.43:995][301]LogModuleManager: Shutting down and abandoning module WindowsClientTargetPlatform (101)
[2018.10.08-09.06.43:995][301]LogModuleManager: Shutting down and abandoning module MacTargetPlatform (99)
[2018.10.08-09.06.43:995][301]LogModuleManager: Shutting down and abandoning module MacServerTargetPlatform (97)
[2018.10.08-09.06.43:995][301]LogModuleManager: Shutting down and abandoning module MacNoEditorTargetPlatform (95)
[2018.10.08-09.06.43:995][301]LogModuleManager: Shutting down and abandoning module MacClientTargetPlatform (93)
[2018.10.08-09.06.43:995][301]LogModuleManager: Shutting down and abandoning module AllDesktopTargetPlatform (91)
[2018.10.08-09.06.43:995][301]LogModuleManager: Shutting down and abandoning module InputCore (88)
[2018.10.08-09.06.43:995][301]LogModuleManager: Shutting down and abandoning module Settings (86)
[2018.10.08-09.06.43:995][301]LogModuleManager: Shutting down and abandoning module PhysXCooking (84)
[2018.10.08-09.06.43:996][301]LogModuleManager: Shutting down and abandoning module SteamVR (82)
[2018.10.08-09.06.43:996][301]LogModuleManager: Shutting down and abandoning module OculusHMD (80)
[2018.10.08-09.06.43:996][301]LogModuleManager: Shutting down and abandoning module ExampleDeviceProfileSelector (78)
[2018.10.08-09.06.43:996][301]LogModuleManager: Shutting down and abandoning module LauncherChunkInstaller (76)
[2018.10.08-09.06.43:996][301]LogModuleManager: Shutting down and abandoning module OnlineBlueprintSupport (74)
[2018.10.08-09.06.43:996][301]LogModuleManager: Shutting down and abandoning module OnlineSubsystem (70)
[2018.10.08-09.06.43:996][301]LogModuleManager: Shutting down and abandoning module XMPP (65)
[2018.10.08-09.06.43:997][301]LogModuleManager: Shutting down and abandoning module WebSockets (64)
[2018.10.08-09.06.44:005][301]LogModuleManager: Shutting down and abandoning module HTTP (61)
[2018.10.08-09.06.44:005][301]LogHttp: Display: Http module shutting down, but needs to wait on 1 outstanding Http requests:
[2018.10.08-09.06.44:005][301]LogHttp: Display: 	verb=[POST] url=[https://datarouter.ol.epicgames.com/datarouter/api/v1/public/data?SessionID=%7BE5821BF1-4BE8-591B-048C-B9B1D36906DE%7D&AppID=UEEditor.Rocket.Release&AppVersion=4.20.3-4369336%2B%2B%2BUE4%2BRelease-4.20&UserID=c4884f364e77c3de2c05b6ba0fa20f27%7C4b7d61a5509a453f8970579aea2b83af%7C6be2f732-1b35-4a16-8933-615377d6988b&AppEnvironment=datacollector-binary&UploadType=eteventstream] status=Processing
[2018.10.08-09.06.44:011][301]LogModuleManager: Shutting down and abandoning module SSL (60)
[2018.10.08-09.06.44:012][301]LogModuleManager: Shutting down and abandoning module MagicLeapEmulator (56)
[2018.10.08-09.06.44:012][301]LogModuleManager: Shutting down and abandoning module MagicLeapPrivileges (54)
[2018.10.08-09.06.44:012][301]LogModuleManager: Shutting down and abandoning module MagicLeapIdentity (52)
[2018.10.08-09.06.44:012][301]LogModuleManager: Shutting down and abandoning module MagicLeapHelperVulkan (50)
[2018.10.08-09.06.44:012][301]LogModuleManager: Shutting down and abandoning module MagicLeapHelperOpenGL (48)
[2018.10.08-09.06.44:012][301]LogModuleManager: Shutting down and abandoning module MagicLeapSecureStorage (46)
[2018.10.08-09.06.44:012][301]LogModuleManager: Shutting down and abandoning module MagicLeapGestures (44)
[2018.10.08-09.06.44:012][301]LogModuleManager: Shutting down and abandoning module MagicLeapEyeTracker (42)
[2018.10.08-09.06.44:012][301]LogModuleManager: Shutting down and abandoning module MagicLeapController (40)
[2018.10.08-09.06.44:012][301]LogSlate: Slate User Destroyed.  User Index 0, Is Virtual User: 0
[2018.10.08-09.06.44:012][301]LogModuleManager: Shutting down and abandoning module MagicLeap (38)
[2018.10.08-09.06.44:012][301]LogModuleManager: Shutting down and abandoning module AnimationModifiers (36)
[2018.10.08-09.06.44:013][301]LogModuleManager: Shutting down and abandoning module PropertyEditor (35)
[2018.10.08-09.06.44:013][301]LogModuleManager: Shutting down and abandoning module AudioEditor (32)
[2018.10.08-09.06.44:013][301]LogModuleManager: Shutting down and abandoning module TextureCompressor (30)
[2018.10.08-09.06.44:013][301]LogModuleManager: Shutting down and abandoning module ShaderCore (28)
[2018.10.08-09.06.44:013][301]LogModuleManager: Shutting down and abandoning module Landscape (26)
[2018.10.08-09.06.44:013][301]LogModuleManager: Shutting down and abandoning module SlateRHIRenderer (24)
[2018.10.08-09.06.44:015][301]LogModuleManager: Shutting down and abandoning module OpenGLDrv (22)
[2018.10.08-09.06.44:016][301]LogModuleManager: Shutting down and abandoning module D3D11RHI (20)
[2018.10.08-09.06.44:016][301]LogModuleManager: Shutting down and abandoning module AnimGraphRuntime (18)
[2018.10.08-09.06.44:016][301]LogModuleManager: Shutting down and abandoning module Renderer (16)
[2018.10.08-09.06.44:016][301]LogModuleManager: Shutting down and abandoning module Engine (14)
[2018.10.08-09.06.44:016][301]LogModuleManager: Shutting down and abandoning module CoreUObject (12)
[2018.10.08-09.06.44:016][301]LogModuleManager: Shutting down and abandoning module NetworkFile (10)
[2018.10.08-09.06.44:016][301]LogModuleManager: Shutting down and abandoning module CookedIterativeFile (8)
[2018.10.08-09.06.44:016][301]LogModuleManager: Shutting down and abandoning module StreamingFile (6)
[2018.10.08-09.06.44:016][301]LogModuleManager: Shutting down and abandoning module SandboxFile (4)
[2018.10.08-09.06.44:016][301]LogModuleManager: Shutting down and abandoning module PakFile (2)
[2018.10.08-09.06.44:020][301]LogExit: Exiting.
[2018.10.08-09.06.44:032][301]Log file closed, 10/08/18 18:06:44
